2016/03/09 11:10:00  [IP: ]  [ /login.html ] [RECORD: 1 条]
[[[[========********  usr.error  ********========]]]]]
    SUMMARY: .annqi.com
    EXTRA: [ [] ] 
2016/03/09 11:13:40  [IP: ]  [ /login.html ] [RECORD: 1 条]
[[[[========********  usr.error  ********========]]]]]
    SUMMARY: .annqi.com
    EXTRA: [ [] ] 
2016/03/09 11:27:48  [IP: ]  [ /login.html ] [RECORD: 1 条]
[[[[========********  usr.error  ********========]]]]]
    SUMMARY: 3600
    EXTRA: [ [] ] 
2016/03/09 11:32:16  [IP: ]  [ /login.html ] [RECORD: 1 条]
[[[[========********  usr.error  ********========]]]]]
    SUMMARY: 3600
    EXTRA: [ [] ] 
2016/03/09 11:36:06  [IP: ]  [ /sms/send.html ] [RECORD: 1 条]
[[[[========********  usr.error  ********========]]]]]
    SUMMARY: 手机号码已被注册
    EXTRA: [ [] ] 
2016/03/09 11:37:00  [IP: ]  [ /sms/send.html ] [RECORD: 1 条]
[[[[========********  usr.error  ********========]]]]]
    SUMMARY: 手机号码已被注册
    EXTRA: [ [] ] 
2016/03/09 12:03:13  [IP: ]  [ /sms/send.html ] [RECORD: 1 条]
[[[[========********  fatal.error  ********========]]]]]
    SUMMARY: {"fatal error: Class 'sms' not found" in file [D:\Java\Workspace\Project\AnnQi\git\site\min\inc\di.inc]  at line [45] [error code/type: 1] }
    EXTRA: [ [{"function":"tails","class":"min\\inc\\app","type":"::","args":[]}] ] 
2016/03/09 12:08:49  [IP: ]  [ /sms/send.html ] [RECORD: 2 条]
[[[[========********  sys.warn  ********========]]]]]
    SUMMARY: {"unexpected error: Missing argument 1 for min\inc\sms::__construct(), called in D:\Java\Workspace\Project\AnnQi\git\site\min\inc\di.inc on line 46 and defined" in file [D:\Java\Workspace\Project\AnnQi\git\site\min\inc\sms.inc]  at line [17] [error code/type: 2] }
    EXTRA: [ [{"file":"D:\\Java\\Workspace\\Project\\AnnQi\\git\\site\\min\\inc\\sms.inc","line":17,"function":"apperror","class":"min\\inc\\app","type":"::","args":[2,"Missing argument 1 for min\\inc\\sms::__construct(), called in D:\\Java\\Workspace\\Project\\AnnQi\\git\\site\\min\\inc\\di.inc on line 46 and defined","D:\\Java\\Workspace\\Project\\AnnQi\\git\\site\\min\\inc\\sms.inc",17,[]]},{"file":"D:\\Java\\Workspace\\Project\\AnnQi\\git\\site\\min\\inc\\di.inc","line":46,"function":"__construct","class":"min\\inc\\sms","object":{},"type":"->","args":[]},{"file":"D:\\Java\\Workspace\\Project\\AnnQi\\git\\site\\min\\inc\\app.inc","line":177,"function":"inc","class":"min\\inc\\di","object":{},"type":"->","args":["sms"]},{"file":"D:\\Java\\Workspace\\Project\\AnnQi\\git\\site\\min\\module\\passport\\sms.controller.php","line":29,"function":"inc","class":"min\\inc\\app","type":"::","args":["sms"]},{"file":"D:\\Java\\Workspace\\Project\\AnnQi\\git\\site\\min\\module\\passport\\sms.controller.php","line":8,"function":"send","class":"min\\module\\passport\\sms","object":{},"type":"->","args":[]},{"file":"D:\\Java\\Workspace\\Project\\AnnQi\\git\\site\\min\\inc\\app.inc","line":65,"function":"__construct","class":"min\\module\\passport\\sms","object":{},"type":"->","args":["send"]},{"file":"D:\\Java\\Workspace\\Project\\AnnQi\\git\\site\\min\\inc\\app.inc","line":298,"function":"dispatch","class":"min\\inc\\app","type":"::","args":[]},{"file":"D:\\Java\\Workspace\\Project\\AnnQi\\git\\site\\min\\inc\\app.inc","line":304,"function":"run","class":"min\\inc\\app","type":"::","args":[]},{"file":"D:\\Java\\Workspace\\Project\\AnnQi\\git\\site\\root\\index.php","line":27,"args":["D:\\Java\\Workspace\\Project\\AnnQi\\git\\site\\min\\inc\\app.inc"],"function":"require"}] ] 
[[[[========********  sys.warn  ********========]]]]]
    SUMMARY: {"unexpected error: Undefined variable: type" in file [D:\Java\Workspace\Project\AnnQi\git\site\min\inc\sms.inc]  at line [18] [error code/type: 8] }
    EXTRA: [ [{"file":"D:\\Java\\Workspace\\Project\\AnnQi\\git\\site\\min\\inc\\sms.inc","line":18,"function":"apperror","class":"min\\inc\\app","type":"::","args":[8,"Undefined variable: type","D:\\Java\\Workspace\\Project\\AnnQi\\git\\site\\min\\inc\\sms.inc",18,[]]},{"file":"D:\\Java\\Workspace\\Project\\AnnQi\\git\\site\\min\\inc\\di.inc","line":46,"function":"__construct","class":"min\\inc\\sms","object":{},"type":"->","args":[]},{"file":"D:\\Java\\Workspace\\Project\\AnnQi\\git\\site\\min\\inc\\app.inc","line":177,"function":"inc","class":"min\\inc\\di","object":{},"type":"->","args":["sms"]},{"file":"D:\\Java\\Workspace\\Project\\AnnQi\\git\\site\\min\\module\\passport\\sms.controller.php","line":29,"function":"inc","class":"min\\inc\\app","type":"::","args":["sms"]},{"file":"D:\\Java\\Workspace\\Project\\AnnQi\\git\\site\\min\\module\\passport\\sms.controller.php","line":8,"function":"send","class":"min\\module\\passport\\sms","object":{},"type":"->","args":[]},{"file":"D:\\Java\\Workspace\\Project\\AnnQi\\git\\site\\min\\inc\\app.inc","line":65,"function":"__construct","class":"min\\module\\passport\\sms","object":{},"type":"->","args":["send"]},{"file":"D:\\Java\\Workspace\\Project\\AnnQi\\git\\site\\min\\inc\\app.inc","line":298,"function":"dispatch","class":"min\\inc\\app","type":"::","args":[]},{"file":"D:\\Java\\Workspace\\Project\\AnnQi\\git\\site\\min\\inc\\app.inc","line":304,"function":"run","class":"min\\inc\\app","type":"::","args":[]},{"file":"D:\\Java\\Workspace\\Project\\AnnQi\\git\\site\\root\\index.php","line":27,"args":["D:\\Java\\Workspace\\Project\\AnnQi\\git\\site\\min\\inc\\app.inc"],"function":"require"}] ] 
2016/03/09 12:10:58  [IP: ]  [ /sms/send.html ] [RECORD: 2 条]
[[[[========********  sys.warn  ********========]]]]]
    SUMMARY: {"unexpected error: Missing argument 1 for min\inc\sms::__construct(), called in D:\Java\Workspace\Project\AnnQi\git\site\min\inc\di.inc on line 46 and defined" in file [D:\Java\Workspace\Project\AnnQi\git\site\min\inc\sms.inc]  at line [17] [error code/type: 2] }
    EXTRA: [ [{"file":"D:\\Java\\Workspace\\Project\\AnnQi\\git\\site\\min\\inc\\sms.inc","line":17,"function":"apperror","class":"min\\inc\\app","type":"::","args":[2,"Missing argument 1 for min\\inc\\sms::__construct(), called in D:\\Java\\Workspace\\Project\\AnnQi\\git\\site\\min\\inc\\di.inc on line 46 and defined","D:\\Java\\Workspace\\Project\\AnnQi\\git\\site\\min\\inc\\sms.inc",17,[]]},{"file":"D:\\Java\\Workspace\\Project\\AnnQi\\git\\site\\min\\inc\\di.inc","line":46,"function":"__construct","class":"min\\inc\\sms","object":{},"type":"->","args":[]},{"file":"D:\\Java\\Workspace\\Project\\AnnQi\\git\\site\\min\\inc\\app.inc","line":177,"function":"inc","class":"min\\inc\\di","object":{},"type":"->","args":["sms"]},{"file":"D:\\Java\\Workspace\\Project\\AnnQi\\git\\site\\min\\module\\passport\\sms.controller.php","line":29,"function":"inc","class":"min\\inc\\app","type":"::","args":["sms"]},{"file":"D:\\Java\\Workspace\\Project\\AnnQi\\git\\site\\min\\module\\passport\\sms.controller.php","line":8,"function":"send","class":"min\\module\\passport\\sms","object":{},"type":"->","args":[]},{"file":"D:\\Java\\Workspace\\Project\\AnnQi\\git\\site\\min\\inc\\app.inc","line":65,"function":"__construct","class":"min\\module\\passport\\sms","object":{},"type":"->","args":["send"]},{"file":"D:\\Java\\Workspace\\Project\\AnnQi\\git\\site\\min\\inc\\app.inc","line":298,"function":"dispatch","class":"min\\inc\\app","type":"::","args":[]},{"file":"D:\\Java\\Workspace\\Project\\AnnQi\\git\\site\\min\\inc\\app.inc","line":304,"function":"run","class":"min\\inc\\app","type":"::","args":[]},{"file":"D:\\Java\\Workspace\\Project\\AnnQi\\git\\site\\root\\index.php","line":27,"args":["D:\\Java\\Workspace\\Project\\AnnQi\\git\\site\\min\\inc\\app.inc"],"function":"require"}] ] 
[[[[========********  sys.warn  ********========]]]]]
    SUMMARY: {"unexpected error: Undefined variable: type" in file [D:\Java\Workspace\Project\AnnQi\git\site\min\inc\sms.inc]  at line [18] [error code/type: 8] }
    EXTRA: [ [{"file":"D:\\Java\\Workspace\\Project\\AnnQi\\git\\site\\min\\inc\\sms.inc","line":18,"function":"apperror","class":"min\\inc\\app","type":"::","args":[8,"Undefined variable: type","D:\\Java\\Workspace\\Project\\AnnQi\\git\\site\\min\\inc\\sms.inc",18,[]]},{"file":"D:\\Java\\Workspace\\Project\\AnnQi\\git\\site\\min\\inc\\di.inc","line":46,"function":"__construct","class":"min\\inc\\sms","object":{},"type":"->","args":[]},{"file":"D:\\Java\\Workspace\\Project\\AnnQi\\git\\site\\min\\inc\\app.inc","line":177,"function":"inc","class":"min\\inc\\di","object":{},"type":"->","args":["sms"]},{"file":"D:\\Java\\Workspace\\Project\\AnnQi\\git\\site\\min\\module\\passport\\sms.controller.php","line":29,"function":"inc","class":"min\\inc\\app","type":"::","args":["sms"]},{"file":"D:\\Java\\Workspace\\Project\\AnnQi\\git\\site\\min\\module\\passport\\sms.controller.php","line":8,"function":"send","class":"min\\module\\passport\\sms","object":{},"type":"->","args":[]},{"file":"D:\\Java\\Workspace\\Project\\AnnQi\\git\\site\\min\\inc\\app.inc","line":65,"function":"__construct","class":"min\\module\\passport\\sms","object":{},"type":"->","args":["send"]},{"file":"D:\\Java\\Workspace\\Project\\AnnQi\\git\\site\\min\\inc\\app.inc","line":298,"function":"dispatch","class":"min\\inc\\app","type":"::","args":[]},{"file":"D:\\Java\\Workspace\\Project\\AnnQi\\git\\site\\min\\inc\\app.inc","line":304,"function":"run","class":"min\\inc\\app","type":"::","args":[]},{"file":"D:\\Java\\Workspace\\Project\\AnnQi\\git\\site\\root\\index.php","line":27,"args":["D:\\Java\\Workspace\\Project\\AnnQi\\git\\site\\min\\inc\\app.inc"],"function":"require"}] ] 
2016/03/09 12:11:32  [IP: ]  [ /sms/send.html ] [RECORD: 3 条]
[[[[========********  sys.warn  ********========]]]]]
    SUMMARY: {"unexpected error: Undefined index: phone" in file [D:\Java\Workspace\Project\AnnQi\git\site\min\module\passport\sms.controller.php]  at line [16] [error code/type: 8] }
    EXTRA: [ [{"file":"D:\\Java\\Workspace\\Project\\AnnQi\\git\\site\\min\\module\\passport\\sms.controller.php","line":16,"function":"apperror","class":"min\\inc\\app","type":"::","args":[8,"Undefined index: phone","D:\\Java\\Workspace\\Project\\AnnQi\\git\\site\\min\\module\\passport\\sms.controller.php",16,[]]},{"file":"D:\\Java\\Workspace\\Project\\AnnQi\\git\\site\\min\\module\\passport\\sms.controller.php","line":8,"function":"send","class":"min\\module\\passport\\sms","object":{},"type":"->","args":[]},{"file":"D:\\Java\\Workspace\\Project\\AnnQi\\git\\site\\min\\inc\\app.inc","line":65,"function":"__construct","class":"min\\module\\passport\\sms","object":{},"type":"->","args":["send"]},{"file":"D:\\Java\\Workspace\\Project\\AnnQi\\git\\site\\min\\inc\\app.inc","line":298,"function":"dispatch","class":"min\\inc\\app","type":"::","args":[]},{"file":"D:\\Java\\Workspace\\Project\\AnnQi\\git\\site\\min\\inc\\app.inc","line":304,"function":"run","class":"min\\inc\\app","type":"::","args":[]},{"file":"D:\\Java\\Workspace\\Project\\AnnQi\\git\\site\\root\\index.php","line":27,"args":["D:\\Java\\Workspace\\Project\\AnnQi\\git\\site\\min\\inc\\app.inc"],"function":"require"}] ] 
[[[[========********  usr.error  ********========]]]]]
    SUMMARY: 手机号码格式错误
    EXTRA: [ [] ] 
[[[[========********  sys.warn  ********========]]]]]
    SUMMARY: {"unexpected error: Use of undefined constant SCHEME_TYPE - assumed 'SCHEME_TYPE'" in file [D:\Java\Workspace\Project\AnnQi\git\site\min\inc\app.inc]  at line [237] [error code/type: 8] }
    EXTRA: [ [{"file":"D:\\Java\\Workspace\\Project\\AnnQi\\git\\site\\min\\inc\\app.inc","line":237,"function":"apperror","class":"min\\inc\\app","type":"::","args":[8,"Use of undefined constant SCHEME_TYPE - assumed 'SCHEME_TYPE'","D:\\Java\\Workspace\\Project\\AnnQi\\git\\site\\min\\inc\\app.inc",237,{"code":100,"msg":"\u624b\u673a\u53f7\u7801\u683c\u5f0f\u9519\u8bef","flag":"0","result":{"status":100,"message":"\u624b\u673a\u53f7\u7801\u683c\u5f0f\u9519\u8bef"}}]},{"file":"D:\\Java\\Workspace\\Project\\AnnQi\\git\\site\\min\\inc\\app.inc","line":140,"function":"response","class":"min\\inc\\app","type":"::","args":[100,"\u624b\u673a\u53f7\u7801\u683c\u5f0f\u9519\u8bef"]},{"file":"D:\\Java\\Workspace\\Project\\AnnQi\\git\\site\\min\\module\\passport\\sms.controller.php","line":17,"function":"usrerror","class":"min\\inc\\app","type":"::","args":[100,"\u624b\u673a\u53f7\u7801\u683c\u5f0f\u9519\u8bef"]},{"file":"D:\\Java\\Workspace\\Project\\AnnQi\\git\\site\\min\\module\\passport\\sms.controller.php","line":8,"function":"send","class":"min\\module\\passport\\sms","object":{},"type":"->","args":[]},{"file":"D:\\Java\\Workspace\\Project\\AnnQi\\git\\site\\min\\inc\\app.inc","line":65,"function":"__construct","class":"min\\module\\passport\\sms","object":{},"type":"->","args":["send"]},{"file":"D:\\Java\\Workspace\\Project\\AnnQi\\git\\site\\min\\inc\\app.inc","line":298,"function":"dispatch","class":"min\\inc\\app","type":"::","args":[]},{"file":"D:\\Java\\Workspace\\Project\\AnnQi\\git\\site\\min\\inc\\app.inc","line":304,"function":"run","class":"min\\inc\\app","type":"::","args":[]},{"file":"D:\\Java\\Workspace\\Project\\AnnQi\\git\\site\\root\\index.php","line":27,"args":["D:\\Java\\Workspace\\Project\\AnnQi\\git\\site\\min\\inc\\app.inc"],"function":"require"}] ] 
2016/03/09 12:18:38  [IP: ]  [ /regist/sendsms.html ] [RECORD: 1 条]
[[[[========********  sys.warn  ********========]]]]]
    SUMMARY: {"unexpected error: Undefined variable: POST" in file [D:\Java\Workspace\Project\AnnQi\git\site\min\module\passport\regist.controller.php]  at line [46] [error code/type: 8] }
    EXTRA: [ [{"file":"D:\\Java\\Workspace\\Project\\AnnQi\\git\\site\\min\\module\\passport\\regist.controller.php","line":46,"function":"apperror","class":"min\\inc\\app","type":"::","args":[8,"Undefined variable: POST","D:\\Java\\Workspace\\Project\\AnnQi\\git\\site\\min\\module\\passport\\regist.controller.php",46,{"sms":{},"sc":false,"code":848373,"result":{"result":{"err_code":"0","model":"100825730275^1101267784094","success":true},"request_id":"zq8jlqjlehym"},"regmsm":{"code":848373,"ctime":1457497118}}]},{"file":"D:\\Java\\Workspace\\Project\\AnnQi\\git\\site\\min\\module\\passport\\regist.controller.php","line":10,"function":"send","class":"min\\module\\passport\\regist","object":{},"type":"->","args":[]},{"file":"D:\\Java\\Workspace\\Project\\AnnQi\\git\\site\\min\\inc\\app.inc","line":65,"function":"__construct","class":"min\\module\\passport\\regist","object":{},"type":"->","args":["sendsms"]},{"file":"D:\\Java\\Workspace\\Project\\AnnQi\\git\\site\\min\\inc\\app.inc","line":298,"function":"dispatch","class":"min\\inc\\app","type":"::","args":[]},{"file":"D:\\Java\\Workspace\\Project\\AnnQi\\git\\site\\min\\inc\\app.inc","line":304,"function":"run","class":"min\\inc\\app","type":"::","args":[]},{"file":"D:\\Java\\Workspace\\Project\\AnnQi\\git\\site\\root\\index.php","line":27,"args":["D:\\Java\\Workspace\\Project\\AnnQi\\git\\site\\min\\inc\\app.inc"],"function":"require"}] ] 
2016/03/09 12:24:49  [IP: ]  [ /regist/sendsms.html ] [RECORD: 1 条]
[[[[========********  sys.warn  ********========]]]]]
    SUMMARY: {"unexpected error: Undefined variable: POST" in file [D:\Java\Workspace\Project\AnnQi\git\site\min\module\passport\regist.controller.php]  at line [46] [error code/type: 8] }
    EXTRA: [ [{"file":"D:\\Java\\Workspace\\Project\\AnnQi\\git\\site\\min\\module\\passport\\regist.controller.php","line":46,"function":"apperror","class":"min\\inc\\app","type":"::","args":[8,"Undefined variable: POST","D:\\Java\\Workspace\\Project\\AnnQi\\git\\site\\min\\module\\passport\\regist.controller.php",46,{"sms":{},"sc":false,"code":229936,"result":{"result":{"err_code":"0","model":"100825775624^1101267848661","success":true},"request_id":"13yugts6444lz"},"regmsm":{"code":229936,"ctime":1457497489}}]},{"file":"D:\\Java\\Workspace\\Project\\AnnQi\\git\\site\\min\\module\\passport\\regist.controller.php","line":10,"function":"send","class":"min\\module\\passport\\regist","object":{},"type":"->","args":[]},{"file":"D:\\Java\\Workspace\\Project\\AnnQi\\git\\site\\min\\inc\\app.inc","line":65,"function":"__construct","class":"min\\module\\passport\\regist","object":{},"type":"->","args":["sendsms"]},{"file":"D:\\Java\\Workspace\\Project\\AnnQi\\git\\site\\min\\inc\\app.inc","line":298,"function":"dispatch","class":"min\\inc\\app","type":"::","args":[]},{"file":"D:\\Java\\Workspace\\Project\\AnnQi\\git\\site\\min\\inc\\app.inc","line":304,"function":"run","class":"min\\inc\\app","type":"::","args":[]},{"file":"D:\\Java\\Workspace\\Project\\AnnQi\\git\\site\\root\\index.php","line":27,"args":["D:\\Java\\Workspace\\Project\\AnnQi\\git\\site\\min\\inc\\app.inc"],"function":"require"}] ] 
2016/03/09 12:27:44  [IP: ]  [ /regist/sendsms.html ] [RECORD: 2 条]
[[[[========********  sys.warn  ********========]]]]]
    SUMMARY: {"unexpected error: Undefined variable: POST" in file [D:\Java\Workspace\Project\AnnQi\git\site\min\module\passport\regist.controller.php]  at line [46] [error code/type: 8] }
    EXTRA: [ [{"file":"D:\\Java\\Workspace\\Project\\AnnQi\\git\\site\\min\\module\\passport\\regist.controller.php","line":46,"function":"apperror","class":"min\\inc\\app","type":"::","args":[8,"Undefined variable: POST","D:\\Java\\Workspace\\Project\\AnnQi\\git\\site\\min\\module\\passport\\regist.controller.php",46,{"sms":{},"sc":false,"code":645751,"result":{"result":{"err_code":"0","model":"100825787213^1101267990077","success":true},"request_id":"r4l2rlosoj6r"},"regmsm":{"code":645751,"ctime":1457497664}}]},{"file":"D:\\Java\\Workspace\\Project\\AnnQi\\git\\site\\min\\module\\passport\\regist.controller.php","line":10,"function":"send","class":"min\\module\\passport\\regist","object":{},"type":"->","args":[]},{"file":"D:\\Java\\Workspace\\Project\\AnnQi\\git\\site\\min\\inc\\app.inc","line":65,"function":"__construct","class":"min\\module\\passport\\regist","object":{},"type":"->","args":["sendsms"]},{"file":"D:\\Java\\Workspace\\Project\\AnnQi\\git\\site\\min\\inc\\app.inc","line":298,"function":"dispatch","class":"min\\inc\\app","type":"::","args":[]},{"file":"D:\\Java\\Workspace\\Project\\AnnQi\\git\\site\\min\\inc\\app.inc","line":304,"function":"run","class":"min\\inc\\app","type":"::","args":[]},{"file":"D:\\Java\\Workspace\\Project\\AnnQi\\git\\site\\root\\index.php","line":27,"args":["D:\\Java\\Workspace\\Project\\AnnQi\\git\\site\\min\\inc\\app.inc"],"function":"require"}] ] 
[[[[========********  usr.error  ********========]]]]]
    SUMMARY: 
    EXTRA: [ [] ] 
2016/03/09 12:30:55  [IP: ]  [ /regist/sendsms.html ] [RECORD: 1 条]
[[[[========********  usr.error  ********========]]]]]
    SUMMARY: 18668172681
    EXTRA: [ [] ] 
2016/03/09 13:03:15  [IP: ]  [ /regist/sendsms.html ] [RECORD: 1 条]
[[[[========********  usr.error  ********========]]]]]
    SUMMARY: 发送失败，每个号码每小时最多发送7次
    EXTRA: [ [] ] 
2016/03/09 13:03:41  [IP: ]  [ /login.html ] [RECORD: 1 条]
[[[[========********  usr.error  ********========]]]]]
    SUMMARY: 3600
    EXTRA: [ [] ] 
2016/03/09 15:44:21  [IP: ]  [ /regist.html ] [RECORD: 1 条]
[[[[========********  fatal.error  ********========]]]]]
    SUMMARY: {"fatal error: Call to undefined method min\inc\app::reponse()" in file [D:\Java\Workspace\Project\AnnQi\git\site\min\module\passport\regist.controller.php]  at line [8] [error code/type: 1] }
    EXTRA: [ [{"function":"tails","class":"min\\inc\\app","type":"::","args":[]}] ] 
2016/03/09 15:44:28  [IP: ]  [ /regist.html ] [RECORD: 1 条]
[[[[========********  fatal.error  ********========]]]]]
    SUMMARY: {"fatal error: Call to undefined method min\inc\app::reponse()" in file [D:\Java\Workspace\Project\AnnQi\git\site\min\module\passport\regist.controller.php]  at line [8] [error code/type: 1] }
    EXTRA: [ [{"function":"tails","class":"min\\inc\\app","type":"::","args":[]}] ] 
2016/03/09 15:58:57  [IP: ]  [ /regist.html ] [RECORD: 1 条]
[[[[========********  usr.error  ********========]]]]]
    SUMMARY: 3600
    EXTRA: [ [] ] 
2016/03/09 16:01:48  [IP: ]  [ /login.html ] [RECORD: 2 条]
[[[[========********  sys.warn  ********========]]]]]
    SUMMARY: {"unexpected error: Undefined index: phone" in file [D:\Java\Workspace\Project\AnnQi\git\site\min\service\account.service.php]  at line [80] [error code/type: 8] }
    EXTRA: [ [{"file":"D:\\Java\\Workspace\\Project\\AnnQi\\git\\site\\min\\service\\account.service.php","line":80,"function":"apperror","class":"min\\inc\\app","type":"::","args":[8,"Undefined index: phone","D:\\Java\\Workspace\\Project\\AnnQi\\git\\site\\min\\service\\account.service.php",80,{"user":{"uid":41,"name":"0","email":"0","pwd":"$2y$10$fG.CDu4XkT9tjkAUsfwbJubl3n6atwWyCAb1zleu6ZsCNw81m.1r."}}]},{"file":"D:\\Java\\Workspace\\Project\\AnnQi\\git\\site\\min\\module\\passport\\login.controller.php","line":89,"function":"inituser","class":"min\\service\\account","object":{},"type":"->","args":[{"uid":41,"name":"0","email":"0","pwd":"$2y$10$fG.CDu4XkT9tjkAUsfwbJubl3n6atwWyCAb1zleu6ZsCNw81m.1r."}]},{"file":"D:\\Java\\Workspace\\Project\\AnnQi\\git\\site\\min\\module\\passport\\login.controller.php","line":30,"function":"dologin","class":"min\\module\\passport\\login","object":{},"type":"->","args":[]},{"file":"D:\\Java\\Workspace\\Project\\AnnQi\\git\\site\\min\\inc\\app.inc","line":65,"function":"__construct","class":"min\\module\\passport\\login","object":{},"type":"->","args":["index"]},{"file":"D:\\Java\\Workspace\\Project\\AnnQi\\git\\site\\min\\inc\\app.inc","line":298,"function":"dispatch","class":"min\\inc\\app","type":"::","args":[]},{"file":"D:\\Java\\Workspace\\Project\\AnnQi\\git\\site\\min\\inc\\app.inc","line":304,"function":"run","class":"min\\inc\\app","type":"::","args":[]},{"file":"D:\\Java\\Workspace\\Project\\AnnQi\\git\\site\\root\\index.php","line":27,"args":["D:\\Java\\Workspace\\Project\\AnnQi\\git\\site\\min\\inc\\app.inc"],"function":"require"}] ] 
[[[[========********  usr.error  ********========]]]]]
    SUMMARY: 3600
    EXTRA: [ [] ] 
2016/03/09 16:05:05  [IP: ]  [ /login.html ] [RECORD: 5 条]
[[[[========********  sys.warn  ********========]]]]]
    SUMMARY: {"unexpected error: Undefined index: phone" in file [D:\Java\Workspace\Project\AnnQi\git\site\min\service\account.service.php]  at line [81] [error code/type: 8] }
    EXTRA: [ [{"file":"D:\\Java\\Workspace\\Project\\AnnQi\\git\\site\\min\\service\\account.service.php","line":81,"function":"apperror","class":"min\\inc\\app","type":"::","args":[8,"Undefined index: phone","D:\\Java\\Workspace\\Project\\AnnQi\\git\\site\\min\\service\\account.service.php",81,{"user":{"uid":41,"name":"0","email":"0","pwd":"$2y$10$fG.CDu4XkT9tjkAUsfwbJubl3n6atwWyCAb1zleu6ZsCNw81m.1r."}}]},{"file":"D:\\Java\\Workspace\\Project\\AnnQi\\git\\site\\min\\module\\passport\\login.controller.php","line":89,"function":"inituser","class":"min\\service\\account","object":{},"type":"->","args":[{"uid":41,"name":"0","email":"0","pwd":"$2y$10$fG.CDu4XkT9tjkAUsfwbJubl3n6atwWyCAb1zleu6ZsCNw81m.1r."}]},{"file":"D:\\Java\\Workspace\\Project\\AnnQi\\git\\site\\min\\module\\passport\\login.controller.php","line":30,"function":"dologin","class":"min\\module\\passport\\login","object":{},"type":"->","args":[]},{"file":"D:\\Java\\Workspace\\Project\\AnnQi\\git\\site\\min\\inc\\app.inc","line":65,"function":"__construct","class":"min\\module\\passport\\login","object":{},"type":"->","args":["index"]},{"file":"D:\\Java\\Workspace\\Project\\AnnQi\\git\\site\\min\\inc\\app.inc","line":298,"function":"dispatch","class":"min\\inc\\app","type":"::","args":[]},{"file":"D:\\Java\\Workspace\\Project\\AnnQi\\git\\site\\min\\inc\\app.inc","line":304,"function":"run","class":"min\\inc\\app","type":"::","args":[]},{"file":"D:\\Java\\Workspace\\Project\\AnnQi\\git\\site\\root\\index.php","line":27,"args":["D:\\Java\\Workspace\\Project\\AnnQi\\git\\site\\min\\inc\\app.inc"],"function":"require"}] ] 
[[[[========********  sys.warn  ********========]]]]]
    SUMMARY: {"unexpected error: Cannot modify header information - headers already sent by (output started at D:\Java\Workspace\Project\AnnQi\git\site\min\service\account.service.php:80)" in file [D:\Java\Workspace\Project\AnnQi\git\site\min\service\account.service.php]  at line [82] [error code/type: 2] }
    EXTRA: [ [{"function":"apperror","class":"min\\inc\\app","type":"::","args":[2,"Cannot modify header information - headers already sent by (output started at D:\\Java\\Workspace\\Project\\AnnQi\\git\\site\\min\\service\\account.service.php:80)","D:\\Java\\Workspace\\Project\\AnnQi\\git\\site\\min\\service\\account.service.php",82,{"user":{"uid":41,"name":"0","email":"0","pwd":"$2y$10$fG.CDu4XkT9tjkAUsfwbJubl3n6atwWyCAb1zleu6ZsCNw81m.1r."},"nickname":null}]},{"file":"D:\\Java\\Workspace\\Project\\AnnQi\\git\\site\\min\\service\\account.service.php","line":82,"function":"setcookie","args":["nickname","",0,"\/",".annqi.com"]},{"file":"D:\\Java\\Workspace\\Project\\AnnQi\\git\\site\\min\\module\\passport\\login.controller.php","line":89,"function":"inituser","class":"min\\service\\account","object":{},"type":"->","args":[{"uid":41,"name":"0","email":"0","pwd":"$2y$10$fG.CDu4XkT9tjkAUsfwbJubl3n6atwWyCAb1zleu6ZsCNw81m.1r."}]},{"file":"D:\\Java\\Workspace\\Project\\AnnQi\\git\\site\\min\\module\\passport\\login.controller.php","line":30,"function":"dologin","class":"min\\module\\passport\\login","object":{},"type":"->","args":[]},{"file":"D:\\Java\\Workspace\\Project\\AnnQi\\git\\site\\min\\inc\\app.inc","line":65,"function":"__construct","class":"min\\module\\passport\\login","object":{},"type":"->","args":["index"]},{"file":"D:\\Java\\Workspace\\Project\\AnnQi\\git\\site\\min\\inc\\app.inc","line":298,"function":"dispatch","class":"min\\inc\\app","type":"::","args":[]},{"file":"D:\\Java\\Workspace\\Project\\AnnQi\\git\\site\\min\\inc\\app.inc","line":304,"function":"run","class":"min\\inc\\app","type":"::","args":[]},{"file":"D:\\Java\\Workspace\\Project\\AnnQi\\git\\site\\root\\index.php","line":27,"args":["D:\\Java\\Workspace\\Project\\AnnQi\\git\\site\\min\\inc\\app.inc"],"function":"require"}] ] 
[[[[========********  usr.error  ********========]]]]]
    SUMMARY: 3600
    EXTRA: [ [] ] 
[[[[========********  sys.warn  ********========]]]]]
    SUMMARY: {"unexpected error: Cannot modify header information - headers already sent by (output started at D:\Java\Workspace\Project\AnnQi\git\site\min\service\account.service.php:80)" in file [D:\Java\Workspace\Project\AnnQi\git\site\min\service\account.service.php]  at line [86] [error code/type: 2] }
    EXTRA: [ [{"function":"apperror","class":"min\\inc\\app","type":"::","args":[2,"Cannot modify header information - headers already sent by (output started at D:\\Java\\Workspace\\Project\\AnnQi\\git\\site\\min\\service\\account.service.php:80)","D:\\Java\\Workspace\\Project\\AnnQi\\git\\site\\min\\service\\account.service.php",86,{"user":{"uid":41,"name":"0","email":"0","pwd":"$2y$10$fG.CDu4XkT9tjkAUsfwbJubl3n6atwWyCAb1zleu6ZsCNw81m.1r."},"nickname":null}]},{"file":"D:\\Java\\Workspace\\Project\\AnnQi\\git\\site\\min\\service\\account.service.php","line":86,"function":"setcookie","args":["logged","1",1457514295,"\/",".annqi.com"]},{"file":"D:\\Java\\Workspace\\Project\\AnnQi\\git\\site\\min\\module\\passport\\login.controller.php","line":89,"function":"inituser","class":"min\\service\\account","object":{},"type":"->","args":[{"uid":41,"name":"0","email":"0","pwd":"$2y$10$fG.CDu4XkT9tjkAUsfwbJubl3n6atwWyCAb1zleu6ZsCNw81m.1r."}]},{"file":"D:\\Java\\Workspace\\Project\\AnnQi\\git\\site\\min\\module\\passport\\login.controller.php","line":30,"function":"dologin","class":"min\\module\\passport\\login","object":{},"type":"->","args":[]},{"file":"D:\\Java\\Workspace\\Project\\AnnQi\\git\\site\\min\\inc\\app.inc","line":65,"function":"__construct","class":"min\\module\\passport\\login","object":{},"type":"->","args":["index"]},{"file":"D:\\Java\\Workspace\\Project\\AnnQi\\git\\site\\min\\inc\\app.inc","line":298,"function":"dispatch","class":"min\\inc\\app","type":"::","args":[]},{"file":"D:\\Java\\Workspace\\Project\\AnnQi\\git\\site\\min\\inc\\app.inc","line":304,"function":"run","class":"min\\inc\\app","type":"::","args":[]},{"file":"D:\\Java\\Workspace\\Project\\AnnQi\\git\\site\\root\\index.php","line":27,"args":["D:\\Java\\Workspace\\Project\\AnnQi\\git\\site\\min\\inc\\app.inc"],"function":"require"}] ] 
[[[[========********  sys.warn  ********========]]]]]
    SUMMARY: {"unexpected error: Cannot modify header information - headers already sent by (output started at D:\Java\Workspace\Project\AnnQi\git\site\min\service\account.service.php:80)" in file [D:\Java\Workspace\Project\AnnQi\git\site\min\inc\common.inc]  at line [142] [error code/type: 2] }
    EXTRA: [ [{"function":"apperror","class":"min\\inc\\app","type":"::","args":[2,"Cannot modify header information - headers already sent by (output started at D:\\Java\\Workspace\\Project\\AnnQi\\git\\site\\min\\service\\account.service.php:80)","D:\\Java\\Workspace\\Project\\AnnQi\\git\\site\\min\\inc\\common.inc",142,{"arr":{"status":1}}]},{"file":"D:\\Java\\Workspace\\Project\\AnnQi\\git\\site\\min\\inc\\common.inc","line":142,"function":"header","args":["Content-Type:application\/json; charset=utf-8"]},{"file":"D:\\Java\\Workspace\\Project\\AnnQi\\git\\site\\min\\inc\\app.inc","line":231,"function":"ajax_return","args":[{"status":1}]},{"file":"D:\\Java\\Workspace\\Project\\AnnQi\\git\\site\\min\\module\\passport\\login.controller.php","line":94,"function":"response","class":"min\\inc\\app","type":"::","args":[1]},{"file":"D:\\Java\\Workspace\\Project\\AnnQi\\git\\site\\min\\module\\passport\\login.controller.php","line":30,"function":"dologin","class":"min\\module\\passport\\login","object":{},"type":"->","args":[]},{"file":"D:\\Java\\Workspace\\Project\\AnnQi\\git\\site\\min\\inc\\app.inc","line":65,"function":"__construct","class":"min\\module\\passport\\login","object":{},"type":"->","args":["index"]},{"file":"D:\\Java\\Workspace\\Project\\AnnQi\\git\\site\\min\\inc\\app.inc","line":298,"function":"dispatch","class":"min\\inc\\app","type":"::","args":[]},{"file":"D:\\Java\\Workspace\\Project\\AnnQi\\git\\site\\min\\inc\\app.inc","line":304,"function":"run","class":"min\\inc\\app","type":"::","args":[]},{"file":"D:\\Java\\Workspace\\Project\\AnnQi\\git\\site\\root\\index.php","line":27,"args":["D:\\Java\\Workspace\\Project\\AnnQi\\git\\site\\min\\inc\\app.inc"],"function":"require"}] ] 
2016/03/09 16:06:36  [IP: ]  [ /login.html ] [RECORD: 5 条]
[[[[========********  sys.warn  ********========]]]]]
    SUMMARY: {"unexpected error: Undefined index: phone" in file [D:\Java\Workspace\Project\AnnQi\git\site\min\service\account.service.php]  at line [81] [error code/type: 8] }
    EXTRA: [ [{"file":"D:\\Java\\Workspace\\Project\\AnnQi\\git\\site\\min\\service\\account.service.php","line":81,"function":"apperror","class":"min\\inc\\app","type":"::","args":[8,"Undefined index: phone","D:\\Java\\Workspace\\Project\\AnnQi\\git\\site\\min\\service\\account.service.php",81,{"user":{"uid":41,"name":"0","email":"0","pwd":"$2y$10$fG.CDu4XkT9tjkAUsfwbJubl3n6atwWyCAb1zleu6ZsCNw81m.1r."}}]},{"file":"D:\\Java\\Workspace\\Project\\AnnQi\\git\\site\\min\\module\\passport\\login.controller.php","line":89,"function":"inituser","class":"min\\service\\account","object":{},"type":"->","args":[{"uid":41,"name":"0","email":"0","pwd":"$2y$10$fG.CDu4XkT9tjkAUsfwbJubl3n6atwWyCAb1zleu6ZsCNw81m.1r."}]},{"file":"D:\\Java\\Workspace\\Project\\AnnQi\\git\\site\\min\\module\\passport\\login.controller.php","line":30,"function":"dologin","class":"min\\module\\passport\\login","object":{},"type":"->","args":[]},{"file":"D:\\Java\\Workspace\\Project\\AnnQi\\git\\site\\min\\inc\\app.inc","line":65,"function":"__construct","class":"min\\module\\passport\\login","object":{},"type":"->","args":["index"]},{"file":"D:\\Java\\Workspace\\Project\\AnnQi\\git\\site\\min\\inc\\app.inc","line":298,"function":"dispatch","class":"min\\inc\\app","type":"::","args":[]},{"file":"D:\\Java\\Workspace\\Project\\AnnQi\\git\\site\\min\\inc\\app.inc","line":304,"function":"run","class":"min\\inc\\app","type":"::","args":[]},{"file":"D:\\Java\\Workspace\\Project\\AnnQi\\git\\site\\root\\index.php","line":27,"args":["D:\\Java\\Workspace\\Project\\AnnQi\\git\\site\\min\\inc\\app.inc"],"function":"require"}] ] 
[[[[========********  sys.warn  ********========]]]]]
    SUMMARY: {"unexpected error: Cannot modify header information - headers already sent by (output started at D:\Java\Workspace\Project\AnnQi\git\site\min\service\account.service.php:80)" in file [D:\Java\Workspace\Project\AnnQi\git\site\min\service\account.service.php]  at line [82] [error code/type: 2] }
    EXTRA: [ [{"function":"apperror","class":"min\\inc\\app","type":"::","args":[2,"Cannot modify header information - headers already sent by (output started at D:\\Java\\Workspace\\Project\\AnnQi\\git\\site\\min\\service\\account.service.php:80)","D:\\Java\\Workspace\\Project\\AnnQi\\git\\site\\min\\service\\account.service.php",82,{"user":{"uid":41,"name":"0","email":"0","pwd":"$2y$10$fG.CDu4XkT9tjkAUsfwbJubl3n6atwWyCAb1zleu6ZsCNw81m.1r."},"nickname":null}]},{"file":"D:\\Java\\Workspace\\Project\\AnnQi\\git\\site\\min\\service\\account.service.php","line":82,"function":"setcookie","args":["nickname","",0,"\/",".annqi.com"]},{"file":"D:\\Java\\Workspace\\Project\\AnnQi\\git\\site\\min\\module\\passport\\login.controller.php","line":89,"function":"inituser","class":"min\\service\\account","object":{},"type":"->","args":[{"uid":41,"name":"0","email":"0","pwd":"$2y$10$fG.CDu4XkT9tjkAUsfwbJubl3n6atwWyCAb1zleu6ZsCNw81m.1r."}]},{"file":"D:\\Java\\Workspace\\Project\\AnnQi\\git\\site\\min\\module\\passport\\login.controller.php","line":30,"function":"dologin","class":"min\\module\\passport\\login","object":{},"type":"->","args":[]},{"file":"D:\\Java\\Workspace\\Project\\AnnQi\\git\\site\\min\\inc\\app.inc","line":65,"function":"__construct","class":"min\\module\\passport\\login","object":{},"type":"->","args":["index"]},{"file":"D:\\Java\\Workspace\\Project\\AnnQi\\git\\site\\min\\inc\\app.inc","line":298,"function":"dispatch","class":"min\\inc\\app","type":"::","args":[]},{"file":"D:\\Java\\Workspace\\Project\\AnnQi\\git\\site\\min\\inc\\app.inc","line":304,"function":"run","class":"min\\inc\\app","type":"::","args":[]},{"file":"D:\\Java\\Workspace\\Project\\AnnQi\\git\\site\\root\\index.php","line":27,"args":["D:\\Java\\Workspace\\Project\\AnnQi\\git\\site\\min\\inc\\app.inc"],"function":"require"}] ] 
[[[[========********  usr.error  ********========]]]]]
    SUMMARY: 3600
    EXTRA: [ [] ] 
[[[[========********  sys.warn  ********========]]]]]
    SUMMARY: {"unexpected error: Cannot modify header information - headers already sent by (output started at D:\Java\Workspace\Project\AnnQi\git\site\min\service\account.service.php:80)" in file [D:\Java\Workspace\Project\AnnQi\git\site\min\service\account.service.php]  at line [86] [error code/type: 2] }
    EXTRA: [ [{"function":"apperror","class":"min\\inc\\app","type":"::","args":[2,"Cannot modify header information - headers already sent by (output started at D:\\Java\\Workspace\\Project\\AnnQi\\git\\site\\min\\service\\account.service.php:80)","D:\\Java\\Workspace\\Project\\AnnQi\\git\\site\\min\\service\\account.service.php",86,{"user":{"uid":41,"name":"0","email":"0","pwd":"$2y$10$fG.CDu4XkT9tjkAUsfwbJubl3n6atwWyCAb1zleu6ZsCNw81m.1r."},"nickname":null}]},{"file":"D:\\Java\\Workspace\\Project\\AnnQi\\git\\site\\min\\service\\account.service.php","line":86,"function":"setcookie","args":["logged","1",1457514386,"\/",".annqi.com"]},{"file":"D:\\Java\\Workspace\\Project\\AnnQi\\git\\site\\min\\module\\passport\\login.controller.php","line":89,"function":"inituser","class":"min\\service\\account","object":{},"type":"->","args":[{"uid":41,"name":"0","email":"0","pwd":"$2y$10$fG.CDu4XkT9tjkAUsfwbJubl3n6atwWyCAb1zleu6ZsCNw81m.1r."}]},{"file":"D:\\Java\\Workspace\\Project\\AnnQi\\git\\site\\min\\module\\passport\\login.controller.php","line":30,"function":"dologin","class":"min\\module\\passport\\login","object":{},"type":"->","args":[]},{"file":"D:\\Java\\Workspace\\Project\\AnnQi\\git\\site\\min\\inc\\app.inc","line":65,"function":"__construct","class":"min\\module\\passport\\login","object":{},"type":"->","args":["index"]},{"file":"D:\\Java\\Workspace\\Project\\AnnQi\\git\\site\\min\\inc\\app.inc","line":298,"function":"dispatch","class":"min\\inc\\app","type":"::","args":[]},{"file":"D:\\Java\\Workspace\\Project\\AnnQi\\git\\site\\min\\inc\\app.inc","line":304,"function":"run","class":"min\\inc\\app","type":"::","args":[]},{"file":"D:\\Java\\Workspace\\Project\\AnnQi\\git\\site\\root\\index.php","line":27,"args":["D:\\Java\\Workspace\\Project\\AnnQi\\git\\site\\min\\inc\\app.inc"],"function":"require"}] ] 
[[[[========********  sys.warn  ********========]]]]]
    SUMMARY: {"unexpected error: Cannot modify header information - headers already sent by (output started at D:\Java\Workspace\Project\AnnQi\git\site\min\service\account.service.php:80)" in file [D:\Java\Workspace\Project\AnnQi\git\site\min\inc\common.inc]  at line [142] [error code/type: 2] }
    EXTRA: [ [{"function":"apperror","class":"min\\inc\\app","type":"::","args":[2,"Cannot modify header information - headers already sent by (output started at D:\\Java\\Workspace\\Project\\AnnQi\\git\\site\\min\\service\\account.service.php:80)","D:\\Java\\Workspace\\Project\\AnnQi\\git\\site\\min\\inc\\common.inc",142,{"arr":{"status":1}}]},{"file":"D:\\Java\\Workspace\\Project\\AnnQi\\git\\site\\min\\inc\\common.inc","line":142,"function":"header","args":["Content-Type:application\/json; charset=utf-8"]},{"file":"D:\\Java\\Workspace\\Project\\AnnQi\\git\\site\\min\\inc\\app.inc","line":231,"function":"ajax_return","args":[{"status":1}]},{"file":"D:\\Java\\Workspace\\Project\\AnnQi\\git\\site\\min\\module\\passport\\login.controller.php","line":94,"function":"response","class":"min\\inc\\app","type":"::","args":[1]},{"file":"D:\\Java\\Workspace\\Project\\AnnQi\\git\\site\\min\\module\\passport\\login.controller.php","line":30,"function":"dologin","class":"min\\module\\passport\\login","object":{},"type":"->","args":[]},{"file":"D:\\Java\\Workspace\\Project\\AnnQi\\git\\site\\min\\inc\\app.inc","line":65,"function":"__construct","class":"min\\module\\passport\\login","object":{},"type":"->","args":["index"]},{"file":"D:\\Java\\Workspace\\Project\\AnnQi\\git\\site\\min\\inc\\app.inc","line":298,"function":"dispatch","class":"min\\inc\\app","type":"::","args":[]},{"file":"D:\\Java\\Workspace\\Project\\AnnQi\\git\\site\\min\\inc\\app.inc","line":304,"function":"run","class":"min\\inc\\app","type":"::","args":[]},{"file":"D:\\Java\\Workspace\\Project\\AnnQi\\git\\site\\root\\index.php","line":27,"args":["D:\\Java\\Workspace\\Project\\AnnQi\\git\\site\\min\\inc\\app.inc"],"function":"require"}] ] 
2016/03/09 16:08:42  [IP: ]  [ /login.html ] [RECORD: 2 条]
[[[[========********  sys.warn  ********========]]]]]
    SUMMARY: {"unexpected error: Undefined index: phone" in file [D:\Java\Workspace\Project\AnnQi\git\site\min\service\account.service.php]  at line [81] [error code/type: 8] }
    EXTRA: [ [{"file":"D:\\Java\\Workspace\\Project\\AnnQi\\git\\site\\min\\service\\account.service.php","line":81,"function":"apperror","class":"min\\inc\\app","type":"::","args":[8,"Undefined index: phone","D:\\Java\\Workspace\\Project\\AnnQi\\git\\site\\min\\service\\account.service.php",81,{"user":{"uid":41,"name":"0","email":"0","pwd":"$2y$10$fG.CDu4XkT9tjkAUsfwbJubl3n6atwWyCAb1zleu6ZsCNw81m.1r."}}]},{"file":"D:\\Java\\Workspace\\Project\\AnnQi\\git\\site\\min\\module\\passport\\login.controller.php","line":89,"function":"inituser","class":"min\\service\\account","object":{},"type":"->","args":[{"uid":41,"name":"0","email":"0","pwd":"$2y$10$fG.CDu4XkT9tjkAUsfwbJubl3n6atwWyCAb1zleu6ZsCNw81m.1r."}]},{"file":"D:\\Java\\Workspace\\Project\\AnnQi\\git\\site\\min\\module\\passport\\login.controller.php","line":30,"function":"dologin","class":"min\\module\\passport\\login","object":{},"type":"->","args":[]},{"file":"D:\\Java\\Workspace\\Project\\AnnQi\\git\\site\\min\\inc\\app.inc","line":65,"function":"__construct","class":"min\\module\\passport\\login","object":{},"type":"->","args":["index"]},{"file":"D:\\Java\\Workspace\\Project\\AnnQi\\git\\site\\min\\inc\\app.inc","line":298,"function":"dispatch","class":"min\\inc\\app","type":"::","args":[]},{"file":"D:\\Java\\Workspace\\Project\\AnnQi\\git\\site\\min\\inc\\app.inc","line":304,"function":"run","class":"min\\inc\\app","type":"::","args":[]},{"file":"D:\\Java\\Workspace\\Project\\AnnQi\\git\\site\\root\\index.php","line":27,"args":["D:\\Java\\Workspace\\Project\\AnnQi\\git\\site\\min\\inc\\app.inc"],"function":"require"}] ] 
[[[[========********  usr.error  ********========]]]]]
    SUMMARY: 
    EXTRA: [ [] ] 
2016/03/09 16:11:02  [IP: ]  [ /login.html ] [RECORD: 2 条]
[[[[========********  sys.warn  ********========]]]]]
    SUMMARY: {"unexpected error: Undefined index: phone" in file [D:\Java\Workspace\Project\AnnQi\git\site\min\service\account.service.php]  at line [81] [error code/type: 8] }
    EXTRA: [ [{"file":"D:\\Java\\Workspace\\Project\\AnnQi\\git\\site\\min\\service\\account.service.php","line":81,"function":"apperror","class":"min\\inc\\app","type":"::","args":[8,"Undefined index: phone","D:\\Java\\Workspace\\Project\\AnnQi\\git\\site\\min\\service\\account.service.php",81,{"user":{"uid":41,"name":"0","email":"0","pwd":"$2y$10$fG.CDu4XkT9tjkAUsfwbJubl3n6atwWyCAb1zleu6ZsCNw81m.1r."}}]},{"file":"D:\\Java\\Workspace\\Project\\AnnQi\\git\\site\\min\\module\\passport\\login.controller.php","line":89,"function":"inituser","class":"min\\service\\account","object":{},"type":"->","args":[{"uid":41,"name":"0","email":"0","pwd":"$2y$10$fG.CDu4XkT9tjkAUsfwbJubl3n6atwWyCAb1zleu6ZsCNw81m.1r."}]},{"file":"D:\\Java\\Workspace\\Project\\AnnQi\\git\\site\\min\\module\\passport\\login.controller.php","line":30,"function":"dologin","class":"min\\module\\passport\\login","object":{},"type":"->","args":[]},{"file":"D:\\Java\\Workspace\\Project\\AnnQi\\git\\site\\min\\inc\\app.inc","line":65,"function":"__construct","class":"min\\module\\passport\\login","object":{},"type":"->","args":["index"]},{"file":"D:\\Java\\Workspace\\Project\\AnnQi\\git\\site\\min\\inc\\app.inc","line":298,"function":"dispatch","class":"min\\inc\\app","type":"::","args":[]},{"file":"D:\\Java\\Workspace\\Project\\AnnQi\\git\\site\\min\\inc\\app.inc","line":304,"function":"run","class":"min\\inc\\app","type":"::","args":[]},{"file":"D:\\Java\\Workspace\\Project\\AnnQi\\git\\site\\root\\index.php","line":27,"args":["D:\\Java\\Workspace\\Project\\AnnQi\\git\\site\\min\\inc\\app.inc"],"function":"require"}] ] 
[[[[========********  usr.error  ********========]]]]]
    SUMMARY: 
    EXTRA: [ {"uid":41,"name":"0","email":"0","pwd":"$2y$10$fG.CDu4XkT9tjkAUsfwbJubl3n6atwWyCAb1zleu6ZsCNw81m.1r."} ] 
2016/03/09 16:12:09  [IP: ]  [ /login.html ] [RECORD: 1 条]
[[[[========********  usr.error  ********========]]]]]
    SUMMARY: 18668172681
    EXTRA: [ {"uid":41,"name":"0","email":"0","phone":"18668172681","pwd":"$2y$10$fG.CDu4XkT9tjkAUsfwbJubl3n6atwWyCAb1zleu6ZsCNw81m.1r."} ] 
