2016/02/22 21:11:37  [IP: ]  [ /login.html ] [RECORD: 1 条]
[[[[========********  usr.error  ********========]]]]]
    SUMMARY: 请输入验证码进行验证
    EXTRA: [ [] ] 
2016/02/22 21:12:03  [IP: ]  [ /login.html ] [RECORD: 1 条]
[[[[========********  usr.error  ********========]]]]]
    SUMMARY: 请输入验证码进行验证
    EXTRA: [ [] ] 
2016/02/22 21:18:37  [IP: ]  [ /login.html ] [RECORD: 1 条]
[[[[========********  usr.error  ********========]]]]]
    SUMMARY: 请输入验证码进行验证
    EXTRA: [ [] ] 
2016/02/22 21:18:49  [IP: ]  [ /login.html ] [RECORD: 4 条]
[[[[========********  usr.warn  ********========]]]]]
    SUMMARY: mysqli://root:adolf@localhost:3300/annqi_user
    EXTRA: [ [] ] 
[[[[========********  sys.warn  ********========]]]]]
    SUMMARY: {"unexpected error: mysqli_connect(): (HY000/2002): No connection could be made because the target machine actively refused it." in file [D:\Java\Workspace\Project\AnnQi\git\site\min\inc\mysqlidb.inc]  at line [75] [error code/type: 2] }
    EXTRA: [ [{"function":"apperror","class":"min\\inc\\app","type":"::","args":[2,"mysqli_connect(): (HY000\/2002): No connection could be made because the target machine actively refused it.\r\n","D:\\Java\\Workspace\\Project\\AnnQi\\git\\site\\min\\inc\\mysqlidb.inc",75,{"type":"slave","info":["mysqli:\/\/root:adolf@localhost:3306\/annqi_user","mysqli:\/\/root:adolf@localhost:3307\/annqi_user","mysqli:\/\/root:adolf@localhost:3308\/annqi_user","mysqli:\/\/root:adolf@localhost:3309\/annqi_user"],"db_index":4,"tmp":["mysqli:\/\/root:adolf@localhost:3300\/annqi_user"],"selected_db":{"scheme":"mysqli","host":"localhost","port":3300,"user":"root","pass":"adolf","path":"\/annqi_user"}}]},{"file":"D:\\Java\\Workspace\\Project\\AnnQi\\git\\site\\min\\inc\\mysqlidb.inc","line":75,"function":"mysqli_connect","args":["localhost","root","adolf","annqi_user",3300]},{"file":"D:\\Java\\Workspace\\Project\\AnnQi\\git\\site\\min\\inc\\mysqlidb.inc","line":33,"function":"parse","class":"min\\inc\\mysqlidb","object":{},"type":"->","args":["slave"]},{"file":"D:\\Java\\Workspace\\Project\\AnnQi\\git\\site\\min\\inc\\mysqlidb.inc","line":90,"function":"connect_db","class":"min\\inc\\mysqlidb","object":{},"type":"->","args":["slave"]},{"file":"D:\\Java\\Workspace\\Project\\AnnQi\\git\\site\\min\\service\\login.service.php","line":20,"function":"query","class":"min\\inc\\mysqlidb","object":{},"type":"->","args":["single","SELECT uid,name, email, pwd FROM user  WHERE name =?","s",["ccc"]]},{"file":"D:\\Java\\Workspace\\Project\\AnnQi\\git\\site\\min\\module\\passport\\login.controller.php","line":67,"function":"checkpwd","class":"min\\service\\login","object":{},"type":"->","args":["ccc"]},{"file":"D:\\Java\\Workspace\\Project\\AnnQi\\git\\site\\min\\module\\passport\\login.controller.php","line":15,"function":"dologin","class":"min\\module\\passport\\login","object":{},"type":"->","args":[]},{"file":"D:\\Java\\Workspace\\Project\\AnnQi\\git\\site\\min\\inc\\app.inc","line":35,"function":"__construct","class":"min\\module\\passport\\login","object":{},"type":"->","args":["index"]},{"file":"D:\\Java\\Workspace\\Project\\AnnQi\\git\\site\\min\\inc\\app.inc","line":228,"function":"dispatch","class":"min\\inc\\app","type":"::","args":[]},{"file":"D:\\Java\\Workspace\\Project\\AnnQi\\git\\site\\min\\inc\\app.inc","line":235,"function":"run","class":"min\\inc\\app","type":"::","args":[]},{"file":"D:\\Java\\Workspace\\Project\\AnnQi\\git\\site\\root\\index.php","line":22,"args":["D:\\Java\\Workspace\\Project\\AnnQi\\git\\site\\min\\inc\\app.inc"],"function":"require"}] ] 
[[[[========********  usr.warn  ********========]]]]]
    SUMMARY: mysqli://root:adolf@localhost:3306/annqi_user
    EXTRA: [ [] ] 
[[[[========********  usr.error  ********========]]]]]
    SUMMARY: 用户名或密码错误
    EXTRA: [ [] ] 
2016/02/22 21:26:07  [IP: ]  [ /login.html ] [RECORD: 1 条]
[[[[========********  usr.error  ********========]]]]]
    SUMMARY: 验证码错误
    EXTRA: [ [] ] 
2016/02/22 21:26:28  [IP: ]  [ /login.html ] [RECORD: 4 条]
[[[[========********  usr.warn  ********========]]]]]
    SUMMARY: mysqli://root:adolf@localhost:3300/annqi_user
    EXTRA: [ [] ] 
[[[[========********  sys.warn  ********========]]]]]
    SUMMARY: {"unexpected error: mysqli_connect(): (HY000/2002): No connection could be made because the target machine actively refused it." in file [D:\Java\Workspace\Project\AnnQi\git\site\min\inc\mysqlidb.inc]  at line [75] [error code/type: 2] }
    EXTRA: [ [{"function":"apperror","class":"min\\inc\\app","type":"::","args":[2,"mysqli_connect(): (HY000\/2002): No connection could be made because the target machine actively refused it.\r\n","D:\\Java\\Workspace\\Project\\AnnQi\\git\\site\\min\\inc\\mysqlidb.inc",75,{"type":"slave","info":["mysqli:\/\/root:adolf@localhost:3306\/annqi_user","mysqli:\/\/root:adolf@localhost:3307\/annqi_user","mysqli:\/\/root:adolf@localhost:3308\/annqi_user","mysqli:\/\/root:adolf@localhost:3309\/annqi_user"],"db_index":4,"tmp":["mysqli:\/\/root:adolf@localhost:3300\/annqi_user"],"selected_db":{"scheme":"mysqli","host":"localhost","port":3300,"user":"root","pass":"adolf","path":"\/annqi_user"}}]},{"file":"D:\\Java\\Workspace\\Project\\AnnQi\\git\\site\\min\\inc\\mysqlidb.inc","line":75,"function":"mysqli_connect","args":["localhost","root","adolf","annqi_user",3300]},{"file":"D:\\Java\\Workspace\\Project\\AnnQi\\git\\site\\min\\inc\\mysqlidb.inc","line":33,"function":"parse","class":"min\\inc\\mysqlidb","object":{},"type":"->","args":["slave"]},{"file":"D:\\Java\\Workspace\\Project\\AnnQi\\git\\site\\min\\inc\\mysqlidb.inc","line":90,"function":"connect_db","class":"min\\inc\\mysqlidb","object":{},"type":"->","args":["slave"]},{"file":"D:\\Java\\Workspace\\Project\\AnnQi\\git\\site\\min\\service\\login.service.php","line":20,"function":"query","class":"min\\inc\\mysqlidb","object":{},"type":"->","args":["single","SELECT uid,name, email, pwd FROM user  WHERE name =?","s",["ccc"]]},{"file":"D:\\Java\\Workspace\\Project\\AnnQi\\git\\site\\min\\module\\passport\\login.controller.php","line":67,"function":"checkpwd","class":"min\\service\\login","object":{},"type":"->","args":["ccc"]},{"file":"D:\\Java\\Workspace\\Project\\AnnQi\\git\\site\\min\\module\\passport\\login.controller.php","line":15,"function":"dologin","class":"min\\module\\passport\\login","object":{},"type":"->","args":[]},{"file":"D:\\Java\\Workspace\\Project\\AnnQi\\git\\site\\min\\inc\\app.inc","line":35,"function":"__construct","class":"min\\module\\passport\\login","object":{},"type":"->","args":["index"]},{"file":"D:\\Java\\Workspace\\Project\\AnnQi\\git\\site\\min\\inc\\app.inc","line":228,"function":"dispatch","class":"min\\inc\\app","type":"::","args":[]},{"file":"D:\\Java\\Workspace\\Project\\AnnQi\\git\\site\\min\\inc\\app.inc","line":235,"function":"run","class":"min\\inc\\app","type":"::","args":[]},{"file":"D:\\Java\\Workspace\\Project\\AnnQi\\git\\site\\root\\index.php","line":22,"args":["D:\\Java\\Workspace\\Project\\AnnQi\\git\\site\\min\\inc\\app.inc"],"function":"require"}] ] 
[[[[========********  usr.warn  ********========]]]]]
    SUMMARY: mysqli://root:adolf@localhost:3306/annqi_user
    EXTRA: [ [] ] 
[[[[========********  usr.error  ********========]]]]]
    SUMMARY: 用户名或密码错误
    EXTRA: [ [] ] 
2016/02/22 21:38:00  [IP: ]  [ /login.html ] [RECORD: 10 条]
[[[[========********  usr.warn  ********========]]]]]
    SUMMARY: mysqli://root:adolf@localhost:3309/annqi_user
    EXTRA: [ [] ] 
[[[[========********  sys.warn  ********========]]]]]
    SUMMARY: {"unexpected error: mysqli_connect(): (HY000/2002): No connection could be made because the target machine actively refused it." in file [D:\Java\Workspace\Project\AnnQi\git\site\min\inc\mysqlidb.inc]  at line [75] [error code/type: 2] }
    EXTRA: [ [{"function":"apperror","class":"min\\inc\\app","type":"::","args":[2,"mysqli_connect(): (HY000\/2002): No connection could be made because the target machine actively refused it.\r\n","D:\\Java\\Workspace\\Project\\AnnQi\\git\\site\\min\\inc\\mysqlidb.inc",75,{"type":"slave","info":["mysqli:\/\/root:adolf@localhost:3306\/annqi_user","mysqli:\/\/root:adolf@localhost:3307\/annqi_user","mysqli:\/\/root:adolf@localhost:3308\/annqi_user","mysqli:\/\/root:adolf@localhost:3300\/annqi_user"],"db_index":3,"tmp":["mysqli:\/\/root:adolf@localhost:3309\/annqi_user"],"selected_db":{"scheme":"mysqli","host":"localhost","port":3309,"user":"root","pass":"adolf","path":"\/annqi_user"}}]},{"file":"D:\\Java\\Workspace\\Project\\AnnQi\\git\\site\\min\\inc\\mysqlidb.inc","line":75,"function":"mysqli_connect","args":["localhost","root","adolf","annqi_user",3309]},{"file":"D:\\Java\\Workspace\\Project\\AnnQi\\git\\site\\min\\inc\\mysqlidb.inc","line":33,"function":"parse","class":"min\\inc\\mysqlidb","object":{},"type":"->","args":["slave"]},{"file":"D:\\Java\\Workspace\\Project\\AnnQi\\git\\site\\min\\inc\\mysqlidb.inc","line":90,"function":"connect_db","class":"min\\inc\\mysqlidb","object":{},"type":"->","args":["slave"]},{"file":"D:\\Java\\Workspace\\Project\\AnnQi\\git\\site\\min\\service\\login.service.php","line":20,"function":"query","class":"min\\inc\\mysqlidb","object":{},"type":"->","args":["single","SELECT uid,name, email, pwd FROM user  WHERE name =?","s",["aaa"]]},{"file":"D:\\Java\\Workspace\\Project\\AnnQi\\git\\site\\min\\module\\passport\\login.controller.php","line":67,"function":"checkpwd","class":"min\\service\\login","object":{},"type":"->","args":["aaa"]},{"file":"D:\\Java\\Workspace\\Project\\AnnQi\\git\\site\\min\\module\\passport\\login.controller.php","line":15,"function":"dologin","class":"min\\module\\passport\\login","object":{},"type":"->","args":[]},{"file":"D:\\Java\\Workspace\\Project\\AnnQi\\git\\site\\min\\inc\\app.inc","line":35,"function":"__construct","class":"min\\module\\passport\\login","object":{},"type":"->","args":["index"]},{"file":"D:\\Java\\Workspace\\Project\\AnnQi\\git\\site\\min\\inc\\app.inc","line":228,"function":"dispatch","class":"min\\inc\\app","type":"::","args":[]},{"file":"D:\\Java\\Workspace\\Project\\AnnQi\\git\\site\\min\\inc\\app.inc","line":235,"function":"run","class":"min\\inc\\app","type":"::","args":[]},{"file":"D:\\Java\\Workspace\\Project\\AnnQi\\git\\site\\root\\index.php","line":22,"args":["D:\\Java\\Workspace\\Project\\AnnQi\\git\\site\\min\\inc\\app.inc"],"function":"require"}] ] 
[[[[========********  usr.warn  ********========]]]]]
    SUMMARY: mysqli://root:adolf@localhost:3300/annqi_user
    EXTRA: [ [] ] 
[[[[========********  sys.warn  ********========]]]]]
    SUMMARY: {"unexpected error: mysqli_connect(): (HY000/2002): No connection could be made because the target machine actively refused it." in file [D:\Java\Workspace\Project\AnnQi\git\site\min\inc\mysqlidb.inc]  at line [75] [error code/type: 2] }
    EXTRA: [ [{"function":"apperror","class":"min\\inc\\app","type":"::","args":[2,"mysqli_connect(): (HY000\/2002): No connection could be made because the target machine actively refused it.\r\n","D:\\Java\\Workspace\\Project\\AnnQi\\git\\site\\min\\inc\\mysqlidb.inc",75,{"type":"slave","info":["mysqli:\/\/root:adolf@localhost:3306\/annqi_user","mysqli:\/\/root:adolf@localhost:3307\/annqi_user","mysqli:\/\/root:adolf@localhost:3308\/annqi_user"],"db_index":3,"tmp":["mysqli:\/\/root:adolf@localhost:3300\/annqi_user"],"selected_db":{"scheme":"mysqli","host":"localhost","port":3300,"user":"root","pass":"adolf","path":"\/annqi_user"},"connect":false}]},{"file":"D:\\Java\\Workspace\\Project\\AnnQi\\git\\site\\min\\inc\\mysqlidb.inc","line":75,"function":"mysqli_connect","args":["localhost","root","adolf","annqi_user",3300]},{"file":"D:\\Java\\Workspace\\Project\\AnnQi\\git\\site\\min\\inc\\mysqlidb.inc","line":33,"function":"parse","class":"min\\inc\\mysqlidb","object":{},"type":"->","args":["slave"]},{"file":"D:\\Java\\Workspace\\Project\\AnnQi\\git\\site\\min\\inc\\mysqlidb.inc","line":90,"function":"connect_db","class":"min\\inc\\mysqlidb","object":{},"type":"->","args":["slave"]},{"file":"D:\\Java\\Workspace\\Project\\AnnQi\\git\\site\\min\\service\\login.service.php","line":20,"function":"query","class":"min\\inc\\mysqlidb","object":{},"type":"->","args":["single","SELECT uid,name, email, pwd FROM user  WHERE name =?","s",["aaa"]]},{"file":"D:\\Java\\Workspace\\Project\\AnnQi\\git\\site\\min\\module\\passport\\login.controller.php","line":67,"function":"checkpwd","class":"min\\service\\login","object":{},"type":"->","args":["aaa"]},{"file":"D:\\Java\\Workspace\\Project\\AnnQi\\git\\site\\min\\module\\passport\\login.controller.php","line":15,"function":"dologin","class":"min\\module\\passport\\login","object":{},"type":"->","args":[]},{"file":"D:\\Java\\Workspace\\Project\\AnnQi\\git\\site\\min\\inc\\app.inc","line":35,"function":"__construct","class":"min\\module\\passport\\login","object":{},"type":"->","args":["index"]},{"file":"D:\\Java\\Workspace\\Project\\AnnQi\\git\\site\\min\\inc\\app.inc","line":228,"function":"dispatch","class":"min\\inc\\app","type":"::","args":[]},{"file":"D:\\Java\\Workspace\\Project\\AnnQi\\git\\site\\min\\inc\\app.inc","line":235,"function":"run","class":"min\\inc\\app","type":"::","args":[]},{"file":"D:\\Java\\Workspace\\Project\\AnnQi\\git\\site\\root\\index.php","line":22,"args":["D:\\Java\\Workspace\\Project\\AnnQi\\git\\site\\min\\inc\\app.inc"],"function":"require"}] ] 
[[[[========********  usr.warn  ********========]]]]]
    SUMMARY: mysqli://root:adolf@localhost:3307/annqi_user
    EXTRA: [ [] ] 
[[[[========********  sys.warn  ********========]]]]]
    SUMMARY: {"unexpected error: mysqli_connect(): (HY000/2002): No connection could be made because the target machine actively refused it." in file [D:\Java\Workspace\Project\AnnQi\git\site\min\inc\mysqlidb.inc]  at line [75] [error code/type: 2] }
    EXTRA: [ [{"function":"apperror","class":"min\\inc\\app","type":"::","args":[2,"mysqli_connect(): (HY000\/2002): No connection could be made because the target machine actively refused it.\r\n","D:\\Java\\Workspace\\Project\\AnnQi\\git\\site\\min\\inc\\mysqlidb.inc",75,{"type":"slave","info":["mysqli:\/\/root:adolf@localhost:3306\/annqi_user","mysqli:\/\/root:adolf@localhost:3308\/annqi_user"],"db_index":1,"tmp":["mysqli:\/\/root:adolf@localhost:3307\/annqi_user"],"selected_db":{"scheme":"mysqli","host":"localhost","port":3307,"user":"root","pass":"adolf","path":"\/annqi_user"},"connect":false}]},{"file":"D:\\Java\\Workspace\\Project\\AnnQi\\git\\site\\min\\inc\\mysqlidb.inc","line":75,"function":"mysqli_connect","args":["localhost","root","adolf","annqi_user",3307]},{"file":"D:\\Java\\Workspace\\Project\\AnnQi\\git\\site\\min\\inc\\mysqlidb.inc","line":33,"function":"parse","class":"min\\inc\\mysqlidb","object":{},"type":"->","args":["slave"]},{"file":"D:\\Java\\Workspace\\Project\\AnnQi\\git\\site\\min\\inc\\mysqlidb.inc","line":90,"function":"connect_db","class":"min\\inc\\mysqlidb","object":{},"type":"->","args":["slave"]},{"file":"D:\\Java\\Workspace\\Project\\AnnQi\\git\\site\\min\\service\\login.service.php","line":20,"function":"query","class":"min\\inc\\mysqlidb","object":{},"type":"->","args":["single","SELECT uid,name, email, pwd FROM user  WHERE name =?","s",["aaa"]]},{"file":"D:\\Java\\Workspace\\Project\\AnnQi\\git\\site\\min\\module\\passport\\login.controller.php","line":67,"function":"checkpwd","class":"min\\service\\login","object":{},"type":"->","args":["aaa"]},{"file":"D:\\Java\\Workspace\\Project\\AnnQi\\git\\site\\min\\module\\passport\\login.controller.php","line":15,"function":"dologin","class":"min\\module\\passport\\login","object":{},"type":"->","args":[]},{"file":"D:\\Java\\Workspace\\Project\\AnnQi\\git\\site\\min\\inc\\app.inc","line":35,"function":"__construct","class":"min\\module\\passport\\login","object":{},"type":"->","args":["index"]},{"file":"D:\\Java\\Workspace\\Project\\AnnQi\\git\\site\\min\\inc\\app.inc","line":228,"function":"dispatch","class":"min\\inc\\app","type":"::","args":[]},{"file":"D:\\Java\\Workspace\\Project\\AnnQi\\git\\site\\min\\inc\\app.inc","line":235,"function":"run","class":"min\\inc\\app","type":"::","args":[]},{"file":"D:\\Java\\Workspace\\Project\\AnnQi\\git\\site\\root\\index.php","line":22,"args":["D:\\Java\\Workspace\\Project\\AnnQi\\git\\site\\min\\inc\\app.inc"],"function":"require"}] ] 
[[[[========********  usr.warn  ********========]]]]]
    SUMMARY: mysqli://root:adolf@localhost:3308/annqi_user
    EXTRA: [ [] ] 
[[[[========********  sys.warn  ********========]]]]]
    SUMMARY: {"unexpected error: mysqli_connect(): (HY000/2002): No connection could be made because the target machine actively refused it." in file [D:\Java\Workspace\Project\AnnQi\git\site\min\inc\mysqlidb.inc]  at line [75] [error code/type: 2] }
    EXTRA: [ [{"function":"apperror","class":"min\\inc\\app","type":"::","args":[2,"mysqli_connect(): (HY000\/2002): No connection could be made because the target machine actively refused it.\r\n","D:\\Java\\Workspace\\Project\\AnnQi\\git\\site\\min\\inc\\mysqlidb.inc",75,{"type":"slave","info":["mysqli:\/\/root:adolf@localhost:3306\/annqi_user"],"db_index":1,"tmp":["mysqli:\/\/root:adolf@localhost:3308\/annqi_user"],"selected_db":{"scheme":"mysqli","host":"localhost","port":3308,"user":"root","pass":"adolf","path":"\/annqi_user"},"connect":false}]},{"file":"D:\\Java\\Workspace\\Project\\AnnQi\\git\\site\\min\\inc\\mysqlidb.inc","line":75,"function":"mysqli_connect","args":["localhost","root","adolf","annqi_user",3308]},{"file":"D:\\Java\\Workspace\\Project\\AnnQi\\git\\site\\min\\inc\\mysqlidb.inc","line":33,"function":"parse","class":"min\\inc\\mysqlidb","object":{},"type":"->","args":["slave"]},{"file":"D:\\Java\\Workspace\\Project\\AnnQi\\git\\site\\min\\inc\\mysqlidb.inc","line":90,"function":"connect_db","class":"min\\inc\\mysqlidb","object":{},"type":"->","args":["slave"]},{"file":"D:\\Java\\Workspace\\Project\\AnnQi\\git\\site\\min\\service\\login.service.php","line":20,"function":"query","class":"min\\inc\\mysqlidb","object":{},"type":"->","args":["single","SELECT uid,name, email, pwd FROM user  WHERE name =?","s",["aaa"]]},{"file":"D:\\Java\\Workspace\\Project\\AnnQi\\git\\site\\min\\module\\passport\\login.controller.php","line":67,"function":"checkpwd","class":"min\\service\\login","object":{},"type":"->","args":["aaa"]},{"file":"D:\\Java\\Workspace\\Project\\AnnQi\\git\\site\\min\\module\\passport\\login.controller.php","line":15,"function":"dologin","class":"min\\module\\passport\\login","object":{},"type":"->","args":[]},{"file":"D:\\Java\\Workspace\\Project\\AnnQi\\git\\site\\min\\inc\\app.inc","line":35,"function":"__construct","class":"min\\module\\passport\\login","object":{},"type":"->","args":["index"]},{"file":"D:\\Java\\Workspace\\Project\\AnnQi\\git\\site\\min\\inc\\app.inc","line":228,"function":"dispatch","class":"min\\inc\\app","type":"::","args":[]},{"file":"D:\\Java\\Workspace\\Project\\AnnQi\\git\\site\\min\\inc\\app.inc","line":235,"function":"run","class":"min\\inc\\app","type":"::","args":[]},{"file":"D:\\Java\\Workspace\\Project\\AnnQi\\git\\site\\root\\index.php","line":22,"args":["D:\\Java\\Workspace\\Project\\AnnQi\\git\\site\\min\\inc\\app.inc"],"function":"require"}] ] 
[[[[========********  usr.warn  ********========]]]]]
    SUMMARY: mysqli://root:adolf@localhost:3306/annqi_user
    EXTRA: [ [] ] 
[[[[========********  usr.error  ********========]]]]]
    SUMMARY: 用户名或密码错误
    EXTRA: [ [] ] 
2016/02/22 21:39:01  [IP: ]  [ /login.html ] [RECORD: 10 条]
[[[[========********  usr.warn  ********========]]]]]
    SUMMARY: mysqli://root:adolf@localhost:3308/annqi_user
    EXTRA: [ [] ] 
[[[[========********  sys.warn  ********========]]]]]
    SUMMARY: {"unexpected error: mysqli_connect(): (HY000/2002): No connection could be made because the target machine actively refused it." in file [D:\Java\Workspace\Project\AnnQi\git\site\min\inc\mysqlidb.inc]  at line [75] [error code/type: 2] }
    EXTRA: [ [{"function":"apperror","class":"min\\inc\\app","type":"::","args":[2,"mysqli_connect(): (HY000\/2002): No connection could be made because the target machine actively refused it.\r\n","D:\\Java\\Workspace\\Project\\AnnQi\\git\\site\\min\\inc\\mysqlidb.inc",75,{"type":"slave","info":["mysqli:\/\/root:adolf@localhost:3306\/annqi_user","mysqli:\/\/root:adolf@localhost:3307\/annqi_user","mysqli:\/\/root:adolf@localhost:3309\/annqi_user","mysqli:\/\/root:adolf@localhost:3300\/annqi_user"],"db_index":2,"tmp":["mysqli:\/\/root:adolf@localhost:3308\/annqi_user"],"selected_db":{"scheme":"mysqli","host":"localhost","port":3308,"user":"root","pass":"adolf","path":"\/annqi_user"}}]},{"file":"D:\\Java\\Workspace\\Project\\AnnQi\\git\\site\\min\\inc\\mysqlidb.inc","line":75,"function":"mysqli_connect","args":["localhost","root","adolf","annqi_user",3308]},{"file":"D:\\Java\\Workspace\\Project\\AnnQi\\git\\site\\min\\inc\\mysqlidb.inc","line":33,"function":"parse","class":"min\\inc\\mysqlidb","object":{},"type":"->","args":["slave"]},{"file":"D:\\Java\\Workspace\\Project\\AnnQi\\git\\site\\min\\inc\\mysqlidb.inc","line":90,"function":"connect_db","class":"min\\inc\\mysqlidb","object":{},"type":"->","args":["slave"]},{"file":"D:\\Java\\Workspace\\Project\\AnnQi\\git\\site\\min\\service\\login.service.php","line":20,"function":"query","class":"min\\inc\\mysqlidb","object":{},"type":"->","args":["single","SELECT uid,name, email, pwd FROM user  WHERE name =?","s",["aaa"]]},{"file":"D:\\Java\\Workspace\\Project\\AnnQi\\git\\site\\min\\module\\passport\\login.controller.php","line":67,"function":"checkpwd","class":"min\\service\\login","object":{},"type":"->","args":["aaa"]},{"file":"D:\\Java\\Workspace\\Project\\AnnQi\\git\\site\\min\\module\\passport\\login.controller.php","line":15,"function":"dologin","class":"min\\module\\passport\\login","object":{},"type":"->","args":[]},{"file":"D:\\Java\\Workspace\\Project\\AnnQi\\git\\site\\min\\inc\\app.inc","line":35,"function":"__construct","class":"min\\module\\passport\\login","object":{},"type":"->","args":["index"]},{"file":"D:\\Java\\Workspace\\Project\\AnnQi\\git\\site\\min\\inc\\app.inc","line":228,"function":"dispatch","class":"min\\inc\\app","type":"::","args":[]},{"file":"D:\\Java\\Workspace\\Project\\AnnQi\\git\\site\\min\\inc\\app.inc","line":235,"function":"run","class":"min\\inc\\app","type":"::","args":[]},{"file":"D:\\Java\\Workspace\\Project\\AnnQi\\git\\site\\root\\index.php","line":22,"args":["D:\\Java\\Workspace\\Project\\AnnQi\\git\\site\\min\\inc\\app.inc"],"function":"require"}] ] 
[[[[========********  usr.warn  ********========]]]]]
    SUMMARY: mysqli://root:adolf@localhost:3307/annqi_user
    EXTRA: [ [] ] 
[[[[========********  sys.warn  ********========]]]]]
    SUMMARY: {"unexpected error: mysqli_connect(): (HY000/2002): No connection could be made because the target machine actively refused it." in file [D:\Java\Workspace\Project\AnnQi\git\site\min\inc\mysqlidb.inc]  at line [75] [error code/type: 2] }
    EXTRA: [ [{"function":"apperror","class":"min\\inc\\app","type":"::","args":[2,"mysqli_connect(): (HY000\/2002): No connection could be made because the target machine actively refused it.\r\n","D:\\Java\\Workspace\\Project\\AnnQi\\git\\site\\min\\inc\\mysqlidb.inc",75,{"type":"slave","info":["mysqli:\/\/root:adolf@localhost:3306\/annqi_user","mysqli:\/\/root:adolf@localhost:3309\/annqi_user","mysqli:\/\/root:adolf@localhost:3300\/annqi_user"],"db_index":1,"tmp":["mysqli:\/\/root:adolf@localhost:3307\/annqi_user"],"selected_db":{"scheme":"mysqli","host":"localhost","port":3307,"user":"root","pass":"adolf","path":"\/annqi_user"},"connect":false}]},{"file":"D:\\Java\\Workspace\\Project\\AnnQi\\git\\site\\min\\inc\\mysqlidb.inc","line":75,"function":"mysqli_connect","args":["localhost","root","adolf","annqi_user",3307]},{"file":"D:\\Java\\Workspace\\Project\\AnnQi\\git\\site\\min\\inc\\mysqlidb.inc","line":33,"function":"parse","class":"min\\inc\\mysqlidb","object":{},"type":"->","args":["slave"]},{"file":"D:\\Java\\Workspace\\Project\\AnnQi\\git\\site\\min\\inc\\mysqlidb.inc","line":90,"function":"connect_db","class":"min\\inc\\mysqlidb","object":{},"type":"->","args":["slave"]},{"file":"D:\\Java\\Workspace\\Project\\AnnQi\\git\\site\\min\\service\\login.service.php","line":20,"function":"query","class":"min\\inc\\mysqlidb","object":{},"type":"->","args":["single","SELECT uid,name, email, pwd FROM user  WHERE name =?","s",["aaa"]]},{"file":"D:\\Java\\Workspace\\Project\\AnnQi\\git\\site\\min\\module\\passport\\login.controller.php","line":67,"function":"checkpwd","class":"min\\service\\login","object":{},"type":"->","args":["aaa"]},{"file":"D:\\Java\\Workspace\\Project\\AnnQi\\git\\site\\min\\module\\passport\\login.controller.php","line":15,"function":"dologin","class":"min\\module\\passport\\login","object":{},"type":"->","args":[]},{"file":"D:\\Java\\Workspace\\Project\\AnnQi\\git\\site\\min\\inc\\app.inc","line":35,"function":"__construct","class":"min\\module\\passport\\login","object":{},"type":"->","args":["index"]},{"file":"D:\\Java\\Workspace\\Project\\AnnQi\\git\\site\\min\\inc\\app.inc","line":228,"function":"dispatch","class":"min\\inc\\app","type":"::","args":[]},{"file":"D:\\Java\\Workspace\\Project\\AnnQi\\git\\site\\min\\inc\\app.inc","line":235,"function":"run","class":"min\\inc\\app","type":"::","args":[]},{"file":"D:\\Java\\Workspace\\Project\\AnnQi\\git\\site\\root\\index.php","line":22,"args":["D:\\Java\\Workspace\\Project\\AnnQi\\git\\site\\min\\inc\\app.inc"],"function":"require"}] ] 
[[[[========********  usr.warn  ********========]]]]]
    SUMMARY: mysqli://root:adolf@localhost:3300/annqi_user
    EXTRA: [ [] ] 
[[[[========********  sys.warn  ********========]]]]]
    SUMMARY: {"unexpected error: mysqli_connect(): (HY000/2002): No connection could be made because the target machine actively refused it." in file [D:\Java\Workspace\Project\AnnQi\git\site\min\inc\mysqlidb.inc]  at line [75] [error code/type: 2] }
    EXTRA: [ [{"function":"apperror","class":"min\\inc\\app","type":"::","args":[2,"mysqli_connect(): (HY000\/2002): No connection could be made because the target machine actively refused it.\r\n","D:\\Java\\Workspace\\Project\\AnnQi\\git\\site\\min\\inc\\mysqlidb.inc",75,{"type":"slave","info":["mysqli:\/\/root:adolf@localhost:3306\/annqi_user","mysqli:\/\/root:adolf@localhost:3309\/annqi_user"],"db_index":2,"tmp":["mysqli:\/\/root:adolf@localhost:3300\/annqi_user"],"selected_db":{"scheme":"mysqli","host":"localhost","port":3300,"user":"root","pass":"adolf","path":"\/annqi_user"},"connect":false}]},{"file":"D:\\Java\\Workspace\\Project\\AnnQi\\git\\site\\min\\inc\\mysqlidb.inc","line":75,"function":"mysqli_connect","args":["localhost","root","adolf","annqi_user",3300]},{"file":"D:\\Java\\Workspace\\Project\\AnnQi\\git\\site\\min\\inc\\mysqlidb.inc","line":33,"function":"parse","class":"min\\inc\\mysqlidb","object":{},"type":"->","args":["slave"]},{"file":"D:\\Java\\Workspace\\Project\\AnnQi\\git\\site\\min\\inc\\mysqlidb.inc","line":90,"function":"connect_db","class":"min\\inc\\mysqlidb","object":{},"type":"->","args":["slave"]},{"file":"D:\\Java\\Workspace\\Project\\AnnQi\\git\\site\\min\\service\\login.service.php","line":20,"function":"query","class":"min\\inc\\mysqlidb","object":{},"type":"->","args":["single","SELECT uid,name, email, pwd FROM user  WHERE name =?","s",["aaa"]]},{"file":"D:\\Java\\Workspace\\Project\\AnnQi\\git\\site\\min\\module\\passport\\login.controller.php","line":67,"function":"checkpwd","class":"min\\service\\login","object":{},"type":"->","args":["aaa"]},{"file":"D:\\Java\\Workspace\\Project\\AnnQi\\git\\site\\min\\module\\passport\\login.controller.php","line":15,"function":"dologin","class":"min\\module\\passport\\login","object":{},"type":"->","args":[]},{"file":"D:\\Java\\Workspace\\Project\\AnnQi\\git\\site\\min\\inc\\app.inc","line":35,"function":"__construct","class":"min\\module\\passport\\login","object":{},"type":"->","args":["index"]},{"file":"D:\\Java\\Workspace\\Project\\AnnQi\\git\\site\\min\\inc\\app.inc","line":228,"function":"dispatch","class":"min\\inc\\app","type":"::","args":[]},{"file":"D:\\Java\\Workspace\\Project\\AnnQi\\git\\site\\min\\inc\\app.inc","line":235,"function":"run","class":"min\\inc\\app","type":"::","args":[]},{"file":"D:\\Java\\Workspace\\Project\\AnnQi\\git\\site\\root\\index.php","line":22,"args":["D:\\Java\\Workspace\\Project\\AnnQi\\git\\site\\min\\inc\\app.inc"],"function":"require"}] ] 
[[[[========********  usr.warn  ********========]]]]]
    SUMMARY: mysqli://root:adolf@localhost:3309/annqi_user
    EXTRA: [ [] ] 
[[[[========********  sys.warn  ********========]]]]]
    SUMMARY: {"unexpected error: mysqli_connect(): (HY000/2002): No connection could be made because the target machine actively refused it." in file [D:\Java\Workspace\Project\AnnQi\git\site\min\inc\mysqlidb.inc]  at line [75] [error code/type: 2] }
    EXTRA: [ [{"function":"apperror","class":"min\\inc\\app","type":"::","args":[2,"mysqli_connect(): (HY000\/2002): No connection could be made because the target machine actively refused it.\r\n","D:\\Java\\Workspace\\Project\\AnnQi\\git\\site\\min\\inc\\mysqlidb.inc",75,{"type":"slave","info":["mysqli:\/\/root:adolf@localhost:3306\/annqi_user"],"db_index":1,"tmp":["mysqli:\/\/root:adolf@localhost:3309\/annqi_user"],"selected_db":{"scheme":"mysqli","host":"localhost","port":3309,"user":"root","pass":"adolf","path":"\/annqi_user"},"connect":false}]},{"file":"D:\\Java\\Workspace\\Project\\AnnQi\\git\\site\\min\\inc\\mysqlidb.inc","line":75,"function":"mysqli_connect","args":["localhost","root","adolf","annqi_user",3309]},{"file":"D:\\Java\\Workspace\\Project\\AnnQi\\git\\site\\min\\inc\\mysqlidb.inc","line":33,"function":"parse","class":"min\\inc\\mysqlidb","object":{},"type":"->","args":["slave"]},{"file":"D:\\Java\\Workspace\\Project\\AnnQi\\git\\site\\min\\inc\\mysqlidb.inc","line":90,"function":"connect_db","class":"min\\inc\\mysqlidb","object":{},"type":"->","args":["slave"]},{"file":"D:\\Java\\Workspace\\Project\\AnnQi\\git\\site\\min\\service\\login.service.php","line":20,"function":"query","class":"min\\inc\\mysqlidb","object":{},"type":"->","args":["single","SELECT uid,name, email, pwd FROM user  WHERE name =?","s",["aaa"]]},{"file":"D:\\Java\\Workspace\\Project\\AnnQi\\git\\site\\min\\module\\passport\\login.controller.php","line":67,"function":"checkpwd","class":"min\\service\\login","object":{},"type":"->","args":["aaa"]},{"file":"D:\\Java\\Workspace\\Project\\AnnQi\\git\\site\\min\\module\\passport\\login.controller.php","line":15,"function":"dologin","class":"min\\module\\passport\\login","object":{},"type":"->","args":[]},{"file":"D:\\Java\\Workspace\\Project\\AnnQi\\git\\site\\min\\inc\\app.inc","line":35,"function":"__construct","class":"min\\module\\passport\\login","object":{},"type":"->","args":["index"]},{"file":"D:\\Java\\Workspace\\Project\\AnnQi\\git\\site\\min\\inc\\app.inc","line":228,"function":"dispatch","class":"min\\inc\\app","type":"::","args":[]},{"file":"D:\\Java\\Workspace\\Project\\AnnQi\\git\\site\\min\\inc\\app.inc","line":235,"function":"run","class":"min\\inc\\app","type":"::","args":[]},{"file":"D:\\Java\\Workspace\\Project\\AnnQi\\git\\site\\root\\index.php","line":22,"args":["D:\\Java\\Workspace\\Project\\AnnQi\\git\\site\\min\\inc\\app.inc"],"function":"require"}] ] 
[[[[========********  usr.warn  ********========]]]]]
    SUMMARY: mysqli://root:adolf@localhost:3306/annqi_user
    EXTRA: [ [] ] 
[[[[========********  usr.error  ********========]]]]]
    SUMMARY: 用户名或密码错误
    EXTRA: [ [] ] 
2016/02/22 21:47:02  [IP: ]  [ /login.html ] [RECORD: 1 条]
[[[[========********  usr.error  ********========]]]]]
    SUMMARY: 验证码错误
    EXTRA: [ [] ] 
2016/02/22 21:47:06  [IP: ]  [ /login.html ] [RECORD: 1 条]
[[[[========********  usr.error  ********========]]]]]
    SUMMARY: 验证码错误
    EXTRA: [ [] ] 
2016/02/22 21:47:38  [IP: ]  [ /login.html ] [RECORD: 6 条]
[[[[========********  usr.warn  ********========]]]]]
    SUMMARY: mysqli://root:adolf@localhost:3308/annqi_user
    EXTRA: [ [] ] 
[[[[========********  sys.warn  ********========]]]]]
    SUMMARY: {"unexpected error: mysqli_connect(): (HY000/2002): No connection could be made because the target machine actively refused it." in file [D:\Java\Workspace\Project\AnnQi\git\site\min\inc\mysqlidb.inc]  at line [75] [error code/type: 2] }
    EXTRA: [ [{"function":"apperror","class":"min\\inc\\app","type":"::","args":[2,"mysqli_connect(): (HY000\/2002): No connection could be made because the target machine actively refused it.\r\n","D:\\Java\\Workspace\\Project\\AnnQi\\git\\site\\min\\inc\\mysqlidb.inc",75,{"type":"slave","info":["mysqli:\/\/root:adolf@localhost:3306\/annqi_user","mysqli:\/\/root:adolf@localhost:3307\/annqi_user","mysqli:\/\/root:adolf@localhost:3309\/annqi_user","mysqli:\/\/root:adolf@localhost:3300\/annqi_user"],"db_index":2,"tmp":["mysqli:\/\/root:adolf@localhost:3308\/annqi_user"],"selected_db":{"scheme":"mysqli","host":"localhost","port":3308,"user":"root","pass":"adolf","path":"\/annqi_user"}}]},{"file":"D:\\Java\\Workspace\\Project\\AnnQi\\git\\site\\min\\inc\\mysqlidb.inc","line":75,"function":"mysqli_connect","args":["localhost","root","adolf","annqi_user",3308]},{"file":"D:\\Java\\Workspace\\Project\\AnnQi\\git\\site\\min\\inc\\mysqlidb.inc","line":33,"function":"parse","class":"min\\inc\\mysqlidb","object":{},"type":"->","args":["slave"]},{"file":"D:\\Java\\Workspace\\Project\\AnnQi\\git\\site\\min\\inc\\mysqlidb.inc","line":90,"function":"connect_db","class":"min\\inc\\mysqlidb","object":{},"type":"->","args":["slave"]},{"file":"D:\\Java\\Workspace\\Project\\AnnQi\\git\\site\\min\\service\\login.service.php","line":20,"function":"query","class":"min\\inc\\mysqlidb","object":{},"type":"->","args":["single","SELECT uid,name, email, pwd FROM user  WHERE name =?","s",["CCC"]]},{"file":"D:\\Java\\Workspace\\Project\\AnnQi\\git\\site\\min\\module\\passport\\login.controller.php","line":67,"function":"checkpwd","class":"min\\service\\login","object":{},"type":"->","args":["CCC"]},{"file":"D:\\Java\\Workspace\\Project\\AnnQi\\git\\site\\min\\module\\passport\\login.controller.php","line":15,"function":"dologin","class":"min\\module\\passport\\login","object":{},"type":"->","args":[]},{"file":"D:\\Java\\Workspace\\Project\\AnnQi\\git\\site\\min\\inc\\app.inc","line":35,"function":"__construct","class":"min\\module\\passport\\login","object":{},"type":"->","args":["index"]},{"file":"D:\\Java\\Workspace\\Project\\AnnQi\\git\\site\\min\\inc\\app.inc","line":228,"function":"dispatch","class":"min\\inc\\app","type":"::","args":[]},{"file":"D:\\Java\\Workspace\\Project\\AnnQi\\git\\site\\min\\inc\\app.inc","line":235,"function":"run","class":"min\\inc\\app","type":"::","args":[]},{"file":"D:\\Java\\Workspace\\Project\\AnnQi\\git\\site\\root\\index.php","line":22,"args":["D:\\Java\\Workspace\\Project\\AnnQi\\git\\site\\min\\inc\\app.inc"],"function":"require"}] ] 
[[[[========********  usr.warn  ********========]]]]]
    SUMMARY: mysqli://root:adolf@localhost:3300/annqi_user
    EXTRA: [ [] ] 
[[[[========********  sys.warn  ********========]]]]]
    SUMMARY: {"unexpected error: mysqli_connect(): (HY000/2002): No connection could be made because the target machine actively refused it." in file [D:\Java\Workspace\Project\AnnQi\git\site\min\inc\mysqlidb.inc]  at line [75] [error code/type: 2] }
    EXTRA: [ [{"function":"apperror","class":"min\\inc\\app","type":"::","args":[2,"mysqli_connect(): (HY000\/2002): No connection could be made because the target machine actively refused it.\r\n","D:\\Java\\Workspace\\Project\\AnnQi\\git\\site\\min\\inc\\mysqlidb.inc",75,{"type":"slave","info":["mysqli:\/\/root:adolf@localhost:3306\/annqi_user","mysqli:\/\/root:adolf@localhost:3307\/annqi_user","mysqli:\/\/root:adolf@localhost:3309\/annqi_user"],"db_index":3,"tmp":["mysqli:\/\/root:adolf@localhost:3300\/annqi_user"],"selected_db":{"scheme":"mysqli","host":"localhost","port":3300,"user":"root","pass":"adolf","path":"\/annqi_user"},"connect":false}]},{"file":"D:\\Java\\Workspace\\Project\\AnnQi\\git\\site\\min\\inc\\mysqlidb.inc","line":75,"function":"mysqli_connect","args":["localhost","root","adolf","annqi_user",3300]},{"file":"D:\\Java\\Workspace\\Project\\AnnQi\\git\\site\\min\\inc\\mysqlidb.inc","line":33,"function":"parse","class":"min\\inc\\mysqlidb","object":{},"type":"->","args":["slave"]},{"file":"D:\\Java\\Workspace\\Project\\AnnQi\\git\\site\\min\\inc\\mysqlidb.inc","line":90,"function":"connect_db","class":"min\\inc\\mysqlidb","object":{},"type":"->","args":["slave"]},{"file":"D:\\Java\\Workspace\\Project\\AnnQi\\git\\site\\min\\service\\login.service.php","line":20,"function":"query","class":"min\\inc\\mysqlidb","object":{},"type":"->","args":["single","SELECT uid,name, email, pwd FROM user  WHERE name =?","s",["CCC"]]},{"file":"D:\\Java\\Workspace\\Project\\AnnQi\\git\\site\\min\\module\\passport\\login.controller.php","line":67,"function":"checkpwd","class":"min\\service\\login","object":{},"type":"->","args":["CCC"]},{"file":"D:\\Java\\Workspace\\Project\\AnnQi\\git\\site\\min\\module\\passport\\login.controller.php","line":15,"function":"dologin","class":"min\\module\\passport\\login","object":{},"type":"->","args":[]},{"file":"D:\\Java\\Workspace\\Project\\AnnQi\\git\\site\\min\\inc\\app.inc","line":35,"function":"__construct","class":"min\\module\\passport\\login","object":{},"type":"->","args":["index"]},{"file":"D:\\Java\\Workspace\\Project\\AnnQi\\git\\site\\min\\inc\\app.inc","line":228,"function":"dispatch","class":"min\\inc\\app","type":"::","args":[]},{"file":"D:\\Java\\Workspace\\Project\\AnnQi\\git\\site\\min\\inc\\app.inc","line":235,"function":"run","class":"min\\inc\\app","type":"::","args":[]},{"file":"D:\\Java\\Workspace\\Project\\AnnQi\\git\\site\\root\\index.php","line":22,"args":["D:\\Java\\Workspace\\Project\\AnnQi\\git\\site\\min\\inc\\app.inc"],"function":"require"}] ] 
[[[[========********  usr.warn  ********========]]]]]
    SUMMARY: mysqli://root:adolf@localhost:3306/annqi_user
    EXTRA: [ [] ] 
[[[[========********  usr.error  ********========]]]]]
    SUMMARY: 用户名或密码错误
    EXTRA: [ [] ] 
2016/02/22 21:48:14  [IP: ]  [ /login.html ] [RECORD: 10 条]
[[[[========********  usr.warn  ********========]]]]]
    SUMMARY: mysqli://root:adolf@localhost:3308/annqi_user
    EXTRA: [ [] ] 
[[[[========********  sys.warn  ********========]]]]]
    SUMMARY: {"unexpected error: mysqli_connect(): (HY000/2002): No connection could be made because the target machine actively refused it." in file [D:\Java\Workspace\Project\AnnQi\git\site\min\inc\mysqlidb.inc]  at line [75] [error code/type: 2] }
    EXTRA: [ [{"function":"apperror","class":"min\\inc\\app","type":"::","args":[2,"mysqli_connect(): (HY000\/2002): No connection could be made because the target machine actively refused it.\r\n","D:\\Java\\Workspace\\Project\\AnnQi\\git\\site\\min\\inc\\mysqlidb.inc",75,{"type":"slave","info":["mysqli:\/\/root:adolf@localhost:3306\/annqi_user","mysqli:\/\/root:adolf@localhost:3307\/annqi_user","mysqli:\/\/root:adolf@localhost:3309\/annqi_user","mysqli:\/\/root:adolf@localhost:3300\/annqi_user"],"db_index":2,"tmp":["mysqli:\/\/root:adolf@localhost:3308\/annqi_user"],"selected_db":{"scheme":"mysqli","host":"localhost","port":3308,"user":"root","pass":"adolf","path":"\/annqi_user"}}]},{"file":"D:\\Java\\Workspace\\Project\\AnnQi\\git\\site\\min\\inc\\mysqlidb.inc","line":75,"function":"mysqli_connect","args":["localhost","root","adolf","annqi_user",3308]},{"file":"D:\\Java\\Workspace\\Project\\AnnQi\\git\\site\\min\\inc\\mysqlidb.inc","line":33,"function":"parse","class":"min\\inc\\mysqlidb","object":{},"type":"->","args":["slave"]},{"file":"D:\\Java\\Workspace\\Project\\AnnQi\\git\\site\\min\\inc\\mysqlidb.inc","line":90,"function":"connect_db","class":"min\\inc\\mysqlidb","object":{},"type":"->","args":["slave"]},{"file":"D:\\Java\\Workspace\\Project\\AnnQi\\git\\site\\min\\service\\login.service.php","line":20,"function":"query","class":"min\\inc\\mysqlidb","object":{},"type":"->","args":["single","SELECT uid,name, email, pwd FROM user  WHERE name =?","s",["CCC"]]},{"file":"D:\\Java\\Workspace\\Project\\AnnQi\\git\\site\\min\\module\\passport\\login.controller.php","line":67,"function":"checkpwd","class":"min\\service\\login","object":{},"type":"->","args":["CCC"]},{"file":"D:\\Java\\Workspace\\Project\\AnnQi\\git\\site\\min\\module\\passport\\login.controller.php","line":15,"function":"dologin","class":"min\\module\\passport\\login","object":{},"type":"->","args":[]},{"file":"D:\\Java\\Workspace\\Project\\AnnQi\\git\\site\\min\\inc\\app.inc","line":35,"function":"__construct","class":"min\\module\\passport\\login","object":{},"type":"->","args":["index"]},{"file":"D:\\Java\\Workspace\\Project\\AnnQi\\git\\site\\min\\inc\\app.inc","line":228,"function":"dispatch","class":"min\\inc\\app","type":"::","args":[]},{"file":"D:\\Java\\Workspace\\Project\\AnnQi\\git\\site\\min\\inc\\app.inc","line":235,"function":"run","class":"min\\inc\\app","type":"::","args":[]},{"file":"D:\\Java\\Workspace\\Project\\AnnQi\\git\\site\\root\\index.php","line":22,"args":["D:\\Java\\Workspace\\Project\\AnnQi\\git\\site\\min\\inc\\app.inc"],"function":"require"}] ] 
[[[[========********  usr.warn  ********========]]]]]
    SUMMARY: mysqli://root:adolf@localhost:3309/annqi_user
    EXTRA: [ [] ] 
[[[[========********  sys.warn  ********========]]]]]
    SUMMARY: {"unexpected error: mysqli_connect(): (HY000/2002): No connection could be made because the target machine actively refused it." in file [D:\Java\Workspace\Project\AnnQi\git\site\min\inc\mysqlidb.inc]  at line [75] [error code/type: 2] }
    EXTRA: [ [{"function":"apperror","class":"min\\inc\\app","type":"::","args":[2,"mysqli_connect(): (HY000\/2002): No connection could be made because the target machine actively refused it.\r\n","D:\\Java\\Workspace\\Project\\AnnQi\\git\\site\\min\\inc\\mysqlidb.inc",75,{"type":"slave","info":["mysqli:\/\/root:adolf@localhost:3306\/annqi_user","mysqli:\/\/root:adolf@localhost:3307\/annqi_user","mysqli:\/\/root:adolf@localhost:3300\/annqi_user"],"db_index":2,"tmp":["mysqli:\/\/root:adolf@localhost:3309\/annqi_user"],"selected_db":{"scheme":"mysqli","host":"localhost","port":3309,"user":"root","pass":"adolf","path":"\/annqi_user"},"connect":false}]},{"file":"D:\\Java\\Workspace\\Project\\AnnQi\\git\\site\\min\\inc\\mysqlidb.inc","line":75,"function":"mysqli_connect","args":["localhost","root","adolf","annqi_user",3309]},{"file":"D:\\Java\\Workspace\\Project\\AnnQi\\git\\site\\min\\inc\\mysqlidb.inc","line":33,"function":"parse","class":"min\\inc\\mysqlidb","object":{},"type":"->","args":["slave"]},{"file":"D:\\Java\\Workspace\\Project\\AnnQi\\git\\site\\min\\inc\\mysqlidb.inc","line":90,"function":"connect_db","class":"min\\inc\\mysqlidb","object":{},"type":"->","args":["slave"]},{"file":"D:\\Java\\Workspace\\Project\\AnnQi\\git\\site\\min\\service\\login.service.php","line":20,"function":"query","class":"min\\inc\\mysqlidb","object":{},"type":"->","args":["single","SELECT uid,name, email, pwd FROM user  WHERE name =?","s",["CCC"]]},{"file":"D:\\Java\\Workspace\\Project\\AnnQi\\git\\site\\min\\module\\passport\\login.controller.php","line":67,"function":"checkpwd","class":"min\\service\\login","object":{},"type":"->","args":["CCC"]},{"file":"D:\\Java\\Workspace\\Project\\AnnQi\\git\\site\\min\\module\\passport\\login.controller.php","line":15,"function":"dologin","class":"min\\module\\passport\\login","object":{},"type":"->","args":[]},{"file":"D:\\Java\\Workspace\\Project\\AnnQi\\git\\site\\min\\inc\\app.inc","line":35,"function":"__construct","class":"min\\module\\passport\\login","object":{},"type":"->","args":["index"]},{"file":"D:\\Java\\Workspace\\Project\\AnnQi\\git\\site\\min\\inc\\app.inc","line":228,"function":"dispatch","class":"min\\inc\\app","type":"::","args":[]},{"file":"D:\\Java\\Workspace\\Project\\AnnQi\\git\\site\\min\\inc\\app.inc","line":235,"function":"run","class":"min\\inc\\app","type":"::","args":[]},{"file":"D:\\Java\\Workspace\\Project\\AnnQi\\git\\site\\root\\index.php","line":22,"args":["D:\\Java\\Workspace\\Project\\AnnQi\\git\\site\\min\\inc\\app.inc"],"function":"require"}] ] 
[[[[========********  usr.warn  ********========]]]]]
    SUMMARY: mysqli://root:adolf@localhost:3307/annqi_user
    EXTRA: [ [] ] 
[[[[========********  sys.warn  ********========]]]]]
    SUMMARY: {"unexpected error: mysqli_connect(): (HY000/2002): No connection could be made because the target machine actively refused it." in file [D:\Java\Workspace\Project\AnnQi\git\site\min\inc\mysqlidb.inc]  at line [75] [error code/type: 2] }
    EXTRA: [ [{"function":"apperror","class":"min\\inc\\app","type":"::","args":[2,"mysqli_connect(): (HY000\/2002): No connection could be made because the target machine actively refused it.\r\n","D:\\Java\\Workspace\\Project\\AnnQi\\git\\site\\min\\inc\\mysqlidb.inc",75,{"type":"slave","info":["mysqli:\/\/root:adolf@localhost:3306\/annqi_user","mysqli:\/\/root:adolf@localhost:3300\/annqi_user"],"db_index":1,"tmp":["mysqli:\/\/root:adolf@localhost:3307\/annqi_user"],"selected_db":{"scheme":"mysqli","host":"localhost","port":3307,"user":"root","pass":"adolf","path":"\/annqi_user"},"connect":false}]},{"file":"D:\\Java\\Workspace\\Project\\AnnQi\\git\\site\\min\\inc\\mysqlidb.inc","line":75,"function":"mysqli_connect","args":["localhost","root","adolf","annqi_user",3307]},{"file":"D:\\Java\\Workspace\\Project\\AnnQi\\git\\site\\min\\inc\\mysqlidb.inc","line":33,"function":"parse","class":"min\\inc\\mysqlidb","object":{},"type":"->","args":["slave"]},{"file":"D:\\Java\\Workspace\\Project\\AnnQi\\git\\site\\min\\inc\\mysqlidb.inc","line":90,"function":"connect_db","class":"min\\inc\\mysqlidb","object":{},"type":"->","args":["slave"]},{"file":"D:\\Java\\Workspace\\Project\\AnnQi\\git\\site\\min\\service\\login.service.php","line":20,"function":"query","class":"min\\inc\\mysqlidb","object":{},"type":"->","args":["single","SELECT uid,name, email, pwd FROM user  WHERE name =?","s",["CCC"]]},{"file":"D:\\Java\\Workspace\\Project\\AnnQi\\git\\site\\min\\module\\passport\\login.controller.php","line":67,"function":"checkpwd","class":"min\\service\\login","object":{},"type":"->","args":["CCC"]},{"file":"D:\\Java\\Workspace\\Project\\AnnQi\\git\\site\\min\\module\\passport\\login.controller.php","line":15,"function":"dologin","class":"min\\module\\passport\\login","object":{},"type":"->","args":[]},{"file":"D:\\Java\\Workspace\\Project\\AnnQi\\git\\site\\min\\inc\\app.inc","line":35,"function":"__construct","class":"min\\module\\passport\\login","object":{},"type":"->","args":["index"]},{"file":"D:\\Java\\Workspace\\Project\\AnnQi\\git\\site\\min\\inc\\app.inc","line":228,"function":"dispatch","class":"min\\inc\\app","type":"::","args":[]},{"file":"D:\\Java\\Workspace\\Project\\AnnQi\\git\\site\\min\\inc\\app.inc","line":235,"function":"run","class":"min\\inc\\app","type":"::","args":[]},{"file":"D:\\Java\\Workspace\\Project\\AnnQi\\git\\site\\root\\index.php","line":22,"args":["D:\\Java\\Workspace\\Project\\AnnQi\\git\\site\\min\\inc\\app.inc"],"function":"require"}] ] 
[[[[========********  usr.warn  ********========]]]]]
    SUMMARY: mysqli://root:adolf@localhost:3300/annqi_user
    EXTRA: [ [] ] 
[[[[========********  sys.warn  ********========]]]]]
    SUMMARY: {"unexpected error: mysqli_connect(): (HY000/2002): No connection could be made because the target machine actively refused it." in file [D:\Java\Workspace\Project\AnnQi\git\site\min\inc\mysqlidb.inc]  at line [75] [error code/type: 2] }
    EXTRA: [ [{"function":"apperror","class":"min\\inc\\app","type":"::","args":[2,"mysqli_connect(): (HY000\/2002): No connection could be made because the target machine actively refused it.\r\n","D:\\Java\\Workspace\\Project\\AnnQi\\git\\site\\min\\inc\\mysqlidb.inc",75,{"type":"slave","info":["mysqli:\/\/root:adolf@localhost:3306\/annqi_user"],"db_index":1,"tmp":["mysqli:\/\/root:adolf@localhost:3300\/annqi_user"],"selected_db":{"scheme":"mysqli","host":"localhost","port":3300,"user":"root","pass":"adolf","path":"\/annqi_user"},"connect":false}]},{"file":"D:\\Java\\Workspace\\Project\\AnnQi\\git\\site\\min\\inc\\mysqlidb.inc","line":75,"function":"mysqli_connect","args":["localhost","root","adolf","annqi_user",3300]},{"file":"D:\\Java\\Workspace\\Project\\AnnQi\\git\\site\\min\\inc\\mysqlidb.inc","line":33,"function":"parse","class":"min\\inc\\mysqlidb","object":{},"type":"->","args":["slave"]},{"file":"D:\\Java\\Workspace\\Project\\AnnQi\\git\\site\\min\\inc\\mysqlidb.inc","line":90,"function":"connect_db","class":"min\\inc\\mysqlidb","object":{},"type":"->","args":["slave"]},{"file":"D:\\Java\\Workspace\\Project\\AnnQi\\git\\site\\min\\service\\login.service.php","line":20,"function":"query","class":"min\\inc\\mysqlidb","object":{},"type":"->","args":["single","SELECT uid,name, email, pwd FROM user  WHERE name =?","s",["CCC"]]},{"file":"D:\\Java\\Workspace\\Project\\AnnQi\\git\\site\\min\\module\\passport\\login.controller.php","line":67,"function":"checkpwd","class":"min\\service\\login","object":{},"type":"->","args":["CCC"]},{"file":"D:\\Java\\Workspace\\Project\\AnnQi\\git\\site\\min\\module\\passport\\login.controller.php","line":15,"function":"dologin","class":"min\\module\\passport\\login","object":{},"type":"->","args":[]},{"file":"D:\\Java\\Workspace\\Project\\AnnQi\\git\\site\\min\\inc\\app.inc","line":35,"function":"__construct","class":"min\\module\\passport\\login","object":{},"type":"->","args":["index"]},{"file":"D:\\Java\\Workspace\\Project\\AnnQi\\git\\site\\min\\inc\\app.inc","line":228,"function":"dispatch","class":"min\\inc\\app","type":"::","args":[]},{"file":"D:\\Java\\Workspace\\Project\\AnnQi\\git\\site\\min\\inc\\app.inc","line":235,"function":"run","class":"min\\inc\\app","type":"::","args":[]},{"file":"D:\\Java\\Workspace\\Project\\AnnQi\\git\\site\\root\\index.php","line":22,"args":["D:\\Java\\Workspace\\Project\\AnnQi\\git\\site\\min\\inc\\app.inc"],"function":"require"}] ] 
[[[[========********  usr.warn  ********========]]]]]
    SUMMARY: mysqli://root:adolf@localhost:3306/annqi_user
    EXTRA: [ [] ] 
[[[[========********  usr.error  ********========]]]]]
    SUMMARY: 用户名或密码错误
    EXTRA: [ [] ] 
2016/02/22 21:52:42  [IP: ]  [ /login.html ] [RECORD: 1 条]
[[[[========********  usr.error  ********========]]]]]
    SUMMARY: 请输入验证码进行验证
    EXTRA: [ [] ] 
2016/02/22 21:52:51  [IP: ]  [ /login.html ] [RECORD: 1 条]
[[[[========********  usr.error  ********========]]]]]
    SUMMARY: 用户名或密码错误
    EXTRA: [ {"loginname":"yb"} ] 
2016/02/22 21:53:27  [IP: ]  [ /login.html ] [RECORD: 3 条]
[[[[========********  usr.warn  ********========]]]]]
    SUMMARY: mysqli://root:adolf@localhost:3307/annqi_user
    EXTRA: [ [] ] 
[[[[========********  sys.warn  ********========]]]]]
    SUMMARY: {"unexpected error: mysqli_connect(): (HY000/2002): No connection could be made because the target machine actively refused it." in file [D:\Java\Workspace\Project\AnnQi\git\site\min\inc\mysqlidb.inc]  at line [75] [error code/type: 2] }
    EXTRA: [ [{"function":"apperror","class":"min\\inc\\app","type":"::","args":[2,"mysqli_connect(): (HY000\/2002): No connection could be made because the target machine actively refused it.\r\n","D:\\Java\\Workspace\\Project\\AnnQi\\git\\site\\min\\inc\\mysqlidb.inc",75,{"type":"slave","info":["mysqli:\/\/root:adolf@localhost:3306\/annqi_user","mysqli:\/\/root:adolf@localhost:3308\/annqi_user","mysqli:\/\/root:adolf@localhost:3309\/annqi_user","mysqli:\/\/root:adolf@localhost:3300\/annqi_user"],"db_index":1,"tmp":["mysqli:\/\/root:adolf@localhost:3307\/annqi_user"],"selected_db":{"scheme":"mysqli","host":"localhost","port":3307,"user":"root","pass":"adolf","path":"\/annqi_user"}}]},{"file":"D:\\Java\\Workspace\\Project\\AnnQi\\git\\site\\min\\inc\\mysqlidb.inc","line":75,"function":"mysqli_connect","args":["localhost","root","adolf","annqi_user",3307]},{"file":"D:\\Java\\Workspace\\Project\\AnnQi\\git\\site\\min\\inc\\mysqlidb.inc","line":33,"function":"parse","class":"min\\inc\\mysqlidb","object":{},"type":"->","args":["slave"]},{"file":"D:\\Java\\Workspace\\Project\\AnnQi\\git\\site\\min\\inc\\mysqlidb.inc","line":90,"function":"connect_db","class":"min\\inc\\mysqlidb","object":{},"type":"->","args":["slave"]},{"file":"D:\\Java\\Workspace\\Project\\AnnQi\\git\\site\\min\\service\\login.service.php","line":20,"function":"query","class":"min\\inc\\mysqlidb","object":{},"type":"->","args":["single","SELECT uid,name, email, pwd FROM user  WHERE name =?","s",["yb2"]]},{"file":"D:\\Java\\Workspace\\Project\\AnnQi\\git\\site\\min\\module\\passport\\login.controller.php","line":67,"function":"checkpwd","class":"min\\service\\login","object":{},"type":"->","args":["yb2"]},{"file":"D:\\Java\\Workspace\\Project\\AnnQi\\git\\site\\min\\module\\passport\\login.controller.php","line":15,"function":"dologin","class":"min\\module\\passport\\login","object":{},"type":"->","args":[]},{"file":"D:\\Java\\Workspace\\Project\\AnnQi\\git\\site\\min\\inc\\app.inc","line":35,"function":"__construct","class":"min\\module\\passport\\login","object":{},"type":"->","args":["index"]},{"file":"D:\\Java\\Workspace\\Project\\AnnQi\\git\\site\\min\\inc\\app.inc","line":228,"function":"dispatch","class":"min\\inc\\app","type":"::","args":[]},{"file":"D:\\Java\\Workspace\\Project\\AnnQi\\git\\site\\min\\inc\\app.inc","line":235,"function":"run","class":"min\\inc\\app","type":"::","args":[]},{"file":"D:\\Java\\Workspace\\Project\\AnnQi\\git\\site\\root\\index.php","line":22,"args":["D:\\Java\\Workspace\\Project\\AnnQi\\git\\site\\min\\inc\\app.inc"],"function":"require"}] ] 
[[[[========********  usr.warn  ********========]]]]]
    SUMMARY: mysqli://root:adolf@localhost:3306/annqi_user
    EXTRA: [ [] ] 
