2016/02/16 10:18:41  [IP: ]  [ /checkcaptcha.html?code=a&type=login&callback=1 ] [RECORD: 1 条]
[[[[========********  sys.warn  ********========]]]]]
    SUMMARY: {"unexpected error: Undefined index: login_code" in file [D:\Java\Workspace\Project\QI\git\site\min\inc\captcha.inc]  at line [45] [error code/type: 8] }
    EXTRA: [ [{"file":"D:\\Java\\Workspace\\Project\\QI\\git\\site\\min\\inc\\captcha.inc","line":45,"function":"apperror","class":"min\\inc\\app","type":"::","args":[8,"Undefined index: login_code","D:\\Java\\Workspace\\Project\\QI\\git\\site\\min\\inc\\captcha.inc",45,{"code":"a","key":"login"}]},{"file":"D:\\Java\\Workspace\\Project\\QI\\git\\site\\min\\module\\util\\checkcaptcha.controller.php","line":19,"function":"checkCode","class":"min\\inc\\captcha","object":{},"type":"->","args":["a","login"]},{"file":"D:\\Java\\Workspace\\Project\\QI\\git\\site\\min\\module\\util\\checkcaptcha.controller.php","line":8,"function":"index","class":"min\\module\\util\\checkcaptcha","object":{},"type":"->","args":[]},{"file":"D:\\Java\\Workspace\\Project\\QI\\git\\site\\min\\inc\\app.inc","line":34,"function":"__construct","class":"min\\module\\util\\checkcaptcha","object":{},"type":"->","args":["index"]},{"file":"D:\\Java\\Workspace\\Project\\QI\\git\\site\\min\\inc\\app.inc","line":214,"function":"dispatch","class":"min\\inc\\app","type":"::","args":[]},{"file":"D:\\Java\\Workspace\\Project\\QI\\git\\site\\min\\inc\\app.inc","line":221,"function":"run","class":"min\\inc\\app","type":"::","args":[]},{"file":"D:\\Java\\Workspace\\Project\\QI\\git\\site\\root\\index.php","line":22,"args":["D:\\Java\\Workspace\\Project\\QI\\git\\site\\min\\inc\\app.inc"],"function":"require"}] ] 
2016/02/16 10:20:34  [IP: ]  [ /login.html ] [RECORD: 5 条]
[[[[========********  sys.warn  ********========]]]]]
    SUMMARY: {"unexpected error: ini_set(): A session is active. You cannot change the session module's ini settings at this time" in file [D:\Java\Workspace\Project\QI\git\site\min\inc\app.inc]  at line [177] [error code/type: 2] }
    EXTRA: [ [{"function":"apperror","class":"min\\inc\\app","type":"::","args":[2,"ini_set(): A session is active. You cannot change the session module's ini settings at this time","D:\\Java\\Workspace\\Project\\QI\\git\\site\\min\\inc\\app.inc",177,{"force":true,"session_name":"31527b4a7ce3fe15fdcb06c34dc10ea7"}]},{"file":"D:\\Java\\Workspace\\Project\\QI\\git\\site\\min\\inc\\app.inc","line":177,"function":"ini_set","args":["session.use_trans_sid","0"]},{"file":"D:\\Java\\Workspace\\Project\\QI\\git\\site\\min\\module\\passport\\login.controller.php","line":32,"function":"session_init","class":"min\\inc\\app","type":"::","args":[true]},{"file":"D:\\Java\\Workspace\\Project\\QI\\git\\site\\min\\module\\passport\\login.controller.php","line":12,"function":"dologin","class":"min\\module\\passport\\login","object":{"errors":[],"messages":[]},"type":"->","args":[]},{"file":"D:\\Java\\Workspace\\Project\\QI\\git\\site\\min\\inc\\app.inc","line":34,"function":"__construct","class":"min\\module\\passport\\login","object":{"errors":[],"messages":[]},"type":"->","args":["index"]},{"file":"D:\\Java\\Workspace\\Project\\QI\\git\\site\\min\\inc\\app.inc","line":214,"function":"dispatch","class":"min\\inc\\app","type":"::","args":[]},{"file":"D:\\Java\\Workspace\\Project\\QI\\git\\site\\min\\inc\\app.inc","line":221,"function":"run","class":"min\\inc\\app","type":"::","args":[]},{"file":"D:\\Java\\Workspace\\Project\\QI\\git\\site\\root\\index.php","line":22,"args":["D:\\Java\\Workspace\\Project\\QI\\git\\site\\min\\inc\\app.inc"],"function":"require"}] ] 
[[[[========********  sys.warn  ********========]]]]]
    SUMMARY: {"unexpected error: Constant IS_HTTPS already defined" in file [D:\Java\Workspace\Project\QI\git\site\min\inc\app.inc]  at line [184] [error code/type: 8] }
    EXTRA: [ [{"function":"apperror","class":"min\\inc\\app","type":"::","args":[8,"Constant IS_HTTPS already defined","D:\\Java\\Workspace\\Project\\QI\\git\\site\\min\\inc\\app.inc",184,{"force":true,"session_name":"31527b4a7ce3fe15fdcb06c34dc10ea7"}]},{"file":"D:\\Java\\Workspace\\Project\\QI\\git\\site\\min\\inc\\app.inc","line":184,"function":"define","args":["IS_HTTPS",false]},{"file":"D:\\Java\\Workspace\\Project\\QI\\git\\site\\min\\module\\passport\\login.controller.php","line":32,"function":"session_init","class":"min\\inc\\app","type":"::","args":[true]},{"file":"D:\\Java\\Workspace\\Project\\QI\\git\\site\\min\\module\\passport\\login.controller.php","line":12,"function":"dologin","class":"min\\module\\passport\\login","object":{"errors":[],"messages":[]},"type":"->","args":[]},{"file":"D:\\Java\\Workspace\\Project\\QI\\git\\site\\min\\inc\\app.inc","line":34,"function":"__construct","class":"min\\module\\passport\\login","object":{"errors":[],"messages":[]},"type":"->","args":["index"]},{"file":"D:\\Java\\Workspace\\Project\\QI\\git\\site\\min\\inc\\app.inc","line":214,"function":"dispatch","class":"min\\inc\\app","type":"::","args":[]},{"file":"D:\\Java\\Workspace\\Project\\QI\\git\\site\\min\\inc\\app.inc","line":221,"function":"run","class":"min\\inc\\app","type":"::","args":[]},{"file":"D:\\Java\\Workspace\\Project\\QI\\git\\site\\root\\index.php","line":22,"args":["D:\\Java\\Workspace\\Project\\QI\\git\\site\\min\\inc\\app.inc"],"function":"require"}] ] 
[[[[========********  sys.warn  ********========]]]]]
    SUMMARY: {"unexpected error: ini_set(): A session is active. You cannot change the session module's ini settings at this time" in file [D:\Java\Workspace\Project\QI\git\site\min\inc\app.inc]  at line [186] [error code/type: 2] }
    EXTRA: [ [{"function":"apperror","class":"min\\inc\\app","type":"::","args":[2,"ini_set(): A session is active. You cannot change the session module's ini settings at this time","D:\\Java\\Workspace\\Project\\QI\\git\\site\\min\\inc\\app.inc",186,{"force":true,"session_name":"31527b4a7ce3fe15fdcb06c34dc10ea7"}]},{"file":"D:\\Java\\Workspace\\Project\\QI\\git\\site\\min\\inc\\app.inc","line":186,"function":"ini_set","args":["session.save_handler","redis"]},{"file":"D:\\Java\\Workspace\\Project\\QI\\git\\site\\min\\module\\passport\\login.controller.php","line":32,"function":"session_init","class":"min\\inc\\app","type":"::","args":[true]},{"file":"D:\\Java\\Workspace\\Project\\QI\\git\\site\\min\\module\\passport\\login.controller.php","line":12,"function":"dologin","class":"min\\module\\passport\\login","object":{"errors":[],"messages":[]},"type":"->","args":[]},{"file":"D:\\Java\\Workspace\\Project\\QI\\git\\site\\min\\inc\\app.inc","line":34,"function":"__construct","class":"min\\module\\passport\\login","object":{"errors":[],"messages":[]},"type":"->","args":["index"]},{"file":"D:\\Java\\Workspace\\Project\\QI\\git\\site\\min\\inc\\app.inc","line":214,"function":"dispatch","class":"min\\inc\\app","type":"::","args":[]},{"file":"D:\\Java\\Workspace\\Project\\QI\\git\\site\\min\\inc\\app.inc","line":221,"function":"run","class":"min\\inc\\app","type":"::","args":[]},{"file":"D:\\Java\\Workspace\\Project\\QI\\git\\site\\root\\index.php","line":22,"args":["D:\\Java\\Workspace\\Project\\QI\\git\\site\\min\\inc\\app.inc"],"function":"require"}] ] 
[[[[========********  sys.warn  ********========]]]]]
    SUMMARY: {"unexpected error: A session had already been started - ignoring session_start()" in file [D:\Java\Workspace\Project\QI\git\site\min\inc\app.inc]  at line [189] [error code/type: 8] }
    EXTRA: [ [{"function":"apperror","class":"min\\inc\\app","type":"::","args":[8,"A session had already been started - ignoring session_start()","D:\\Java\\Workspace\\Project\\QI\\git\\site\\min\\inc\\app.inc",189,{"force":true,"session_name":"31527b4a7ce3fe15fdcb06c34dc10ea7"}]},{"file":"D:\\Java\\Workspace\\Project\\QI\\git\\site\\min\\inc\\app.inc","line":189,"function":"session_start","args":[]},{"file":"D:\\Java\\Workspace\\Project\\QI\\git\\site\\min\\module\\passport\\login.controller.php","line":32,"function":"session_init","class":"min\\inc\\app","type":"::","args":[true]},{"file":"D:\\Java\\Workspace\\Project\\QI\\git\\site\\min\\module\\passport\\login.controller.php","line":12,"function":"dologin","class":"min\\module\\passport\\login","object":{"errors":[],"messages":[]},"type":"->","args":[]},{"file":"D:\\Java\\Workspace\\Project\\QI\\git\\site\\min\\inc\\app.inc","line":34,"function":"__construct","class":"min\\module\\passport\\login","object":{"errors":[],"messages":[]},"type":"->","args":["index"]},{"file":"D:\\Java\\Workspace\\Project\\QI\\git\\site\\min\\inc\\app.inc","line":214,"function":"dispatch","class":"min\\inc\\app","type":"::","args":[]},{"file":"D:\\Java\\Workspace\\Project\\QI\\git\\site\\min\\inc\\app.inc","line":221,"function":"run","class":"min\\inc\\app","type":"::","args":[]},{"file":"D:\\Java\\Workspace\\Project\\QI\\git\\site\\root\\index.php","line":22,"args":["D:\\Java\\Workspace\\Project\\QI\\git\\site\\min\\inc\\app.inc"],"function":"require"}] ] 
[[[[========********  usr.error  ********========]]]]]
    SUMMARY: 用户名或密码错误
    EXTRA: [ [] ] 
2016/02/16 10:20:50  [IP: ]  [ /login.html ] [RECORD: 1 条]
[[[[========********  usr.error  ********========]]]]]
    SUMMARY: 用户名或密码错误
    EXTRA: [ [] ] 
2016/02/16 14:36:42  [IP: ]  [ /login.html ] [RECORD: 2 条]
[[[[========********  sys.warn  ********========]]]]]
    SUMMARY: {"unexpected error: Undefined index: errno" in file [D:\Java\Workspace\Project\QI\git\site\min\module\passport\login.controller.php]  at line [46] [error code/type: 8] }
    EXTRA: [ [{"file":"D:\\Java\\Workspace\\Project\\QI\\git\\site\\min\\module\\passport\\login.controller.php","line":46,"function":"apperror","class":"min\\inc\\app","type":"::","args":[8,"Undefined index: errno","D:\\Java\\Workspace\\Project\\QI\\git\\site\\min\\module\\passport\\login.controller.php",46,{"service":{},"result":null}]},{"file":"D:\\Java\\Workspace\\Project\\QI\\git\\site\\min\\module\\passport\\login.controller.php","line":12,"function":"dologin","class":"min\\module\\passport\\login","object":{"errors":[],"messages":[]},"type":"->","args":[]},{"file":"D:\\Java\\Workspace\\Project\\QI\\git\\site\\min\\inc\\app.inc","line":34,"function":"__construct","class":"min\\module\\passport\\login","object":{"errors":[],"messages":[]},"type":"->","args":["index"]},{"file":"D:\\Java\\Workspace\\Project\\QI\\git\\site\\min\\inc\\app.inc","line":214,"function":"dispatch","class":"min\\inc\\app","type":"::","args":[]},{"file":"D:\\Java\\Workspace\\Project\\QI\\git\\site\\min\\inc\\app.inc","line":221,"function":"run","class":"min\\inc\\app","type":"::","args":[]},{"file":"D:\\Java\\Workspace\\Project\\QI\\git\\site\\root\\index.php","line":22,"args":["D:\\Java\\Workspace\\Project\\QI\\git\\site\\min\\inc\\app.inc"],"function":"require"}] ] 
[[[[========********  usr.error  ********========]]]]]
    SUMMARY: 用户名或密码错误
    EXTRA: [ [] ] 
2016/02/16 14:36:46  [IP: ]  [ /login.html ] [RECORD: 1 条]
[[[[========********  usr.error  ********========]]]]]
    SUMMARY: 用户名或密码错误
    EXTRA: [ [] ] 
2016/02/16 14:40:40  [IP: ]  [ /login.html ] [RECORD: 1 条]
[[[[========********  usr.error  ********========]]]]]
    SUMMARY: 用户名或密码错误
    EXTRA: [ [] ] 
2016/02/16 16:22:55  [IP: ]  [ /login.html ] [RECORD: 2 条]
[[[[========********  sys.warn  ********========]]]]]
    SUMMARY: {"unexpected error: Undefined index: errno" in file [D:\Java\Workspace\Project\QI\git\site\min\module\passport\login.controller.php]  at line [46] [error code/type: 8] }
    EXTRA: [ [{"file":"D:\\Java\\Workspace\\Project\\QI\\git\\site\\min\\module\\passport\\login.controller.php","line":46,"function":"apperror","class":"min\\inc\\app","type":"::","args":[8,"Undefined index: errno","D:\\Java\\Workspace\\Project\\QI\\git\\site\\min\\module\\passport\\login.controller.php",46,{"service":{},"result":null}]},{"file":"D:\\Java\\Workspace\\Project\\QI\\git\\site\\min\\module\\passport\\login.controller.php","line":12,"function":"dologin","class":"min\\module\\passport\\login","object":{"errors":[],"messages":[]},"type":"->","args":[]},{"file":"D:\\Java\\Workspace\\Project\\QI\\git\\site\\min\\inc\\app.inc","line":34,"function":"__construct","class":"min\\module\\passport\\login","object":{"errors":[],"messages":[]},"type":"->","args":["index"]},{"file":"D:\\Java\\Workspace\\Project\\QI\\git\\site\\min\\inc\\app.inc","line":214,"function":"dispatch","class":"min\\inc\\app","type":"::","args":[]},{"file":"D:\\Java\\Workspace\\Project\\QI\\git\\site\\min\\inc\\app.inc","line":221,"function":"run","class":"min\\inc\\app","type":"::","args":[]},{"file":"D:\\Java\\Workspace\\Project\\QI\\git\\site\\root\\index.php","line":22,"args":["D:\\Java\\Workspace\\Project\\QI\\git\\site\\min\\inc\\app.inc"],"function":"require"}] ] 
[[[[========********  usr.error  ********========]]]]]
    SUMMARY: 用户名或密码错误
    EXTRA: [ [] ] 
2016/02/16 16:22:58  [IP: ]  [ /login.html ] [RECORD: 1 条]
[[[[========********  usr.error  ********========]]]]]
    SUMMARY: 用户名或密码错误
    EXTRA: [ [] ] 
2016/02/16 16:50:41  [IP: ]  [ /login.html ] [RECORD: 2 条]
[[[[========********  sys.warn  ********========]]]]]
    SUMMARY: {"unexpected error: Undefined index: errno" in file [D:\Java\Workspace\Project\QI\git\site\min\module\passport\login.controller.php]  at line [46] [error code/type: 8] }
    EXTRA: [ [{"file":"D:\\Java\\Workspace\\Project\\QI\\git\\site\\min\\module\\passport\\login.controller.php","line":46,"function":"apperror","class":"min\\inc\\app","type":"::","args":[8,"Undefined index: errno","D:\\Java\\Workspace\\Project\\QI\\git\\site\\min\\module\\passport\\login.controller.php",46,{"service":{},"result":null}]},{"file":"D:\\Java\\Workspace\\Project\\QI\\git\\site\\min\\module\\passport\\login.controller.php","line":12,"function":"dologin","class":"min\\module\\passport\\login","object":{"errors":[],"messages":[]},"type":"->","args":[]},{"file":"D:\\Java\\Workspace\\Project\\QI\\git\\site\\min\\inc\\app.inc","line":34,"function":"__construct","class":"min\\module\\passport\\login","object":{"errors":[],"messages":[]},"type":"->","args":["index"]},{"file":"D:\\Java\\Workspace\\Project\\QI\\git\\site\\min\\inc\\app.inc","line":214,"function":"dispatch","class":"min\\inc\\app","type":"::","args":[]},{"file":"D:\\Java\\Workspace\\Project\\QI\\git\\site\\min\\inc\\app.inc","line":221,"function":"run","class":"min\\inc\\app","type":"::","args":[]},{"file":"D:\\Java\\Workspace\\Project\\QI\\git\\site\\root\\index.php","line":22,"args":["D:\\Java\\Workspace\\Project\\QI\\git\\site\\min\\inc\\app.inc"],"function":"require"}] ] 
[[[[========********  usr.error  ********========]]]]]
    SUMMARY: 用户名或密码错误
    EXTRA: [ [] ] 
2016/02/16 16:50:42  [IP: ]  [ /login.html ] [RECORD: 1 条]
[[[[========********  usr.error  ********========]]]]]
    SUMMARY: 用户名或密码错误
    EXTRA: [ [] ] 
2016/02/16 16:51:31  [IP: ]  [ /login.html ] [RECORD: 1 条]
[[[[========********  usr.error  ********========]]]]]
    SUMMARY: 用户名或密码错误
    EXTRA: [ [] ] 
2016/02/16 16:52:21  [IP: ]  [ /login.html ] [RECORD: 1 条]
[[[[========********  usr.error  ********========]]]]]
    SUMMARY: 用户名或密码错误
    EXTRA: [ [] ] 
2016/02/16 16:54:36  [IP: ]  [ /login.html ] [RECORD: 1 条]
[[[[========********  usr.error  ********========]]]]]
    SUMMARY: 用户名或密码错误
    EXTRA: [ [] ] 
